1591454289057	mozrunner::runner	INFO	Running command: "C:\\Program Files\\Mozilla Firefox\\firefox.exe" "-marionette" "-foreground" "-no-remote" "-profile" "C:\\Users\\Prashan\\AppData\\Local\\Temp\\rust_mozprofileWysje8"
1591454329084	mozrunner::runner	INFO	Running command: "C:\\Program Files\\Mozilla Firefox\\firefox.exe" "-marionette" "-foreground" "-no-remote" "-profile" "C:\\Users\\Prashan\\AppData\\Local\\Temp\\rust_mozprofileOZCPa3"
1591454329524	addons.webextension.doh-rollout@mozilla.org	WARN	Loading extension 'doh-rollout@mozilla.org': Reading manifest: Invalid extension permission: networkStatus
1591454330002	addons.webextension.screenshots@mozilla.org	WARN	Loading extension 'screenshots@mozilla.org': Reading manifest: Invalid extension permission: mozillaAddons
1591454330002	addons.webextension.screenshots@mozilla.org	WARN	Loading extension 'screenshots@mozilla.org': Reading manifest: Invalid extension permission: telemetry
1591454330002	addons.webextension.screenshots@mozilla.org	WARN	Loading extension 'screenshots@mozilla.org': Reading manifest: Invalid extension permission: resource://pdf.js/
1591454330003	addons.webextension.screenshots@mozilla.org	WARN	Loading extension 'screenshots@mozilla.org': Reading manifest: Invalid extension permission: about:reader*
JavaScript error: resource://gre/modules/XULStore.jsm, line 66: Error: Can't find profile directory.
1591454332378	Marionette	INFO	Listening on port 51844
1591454332699	Marionette	WARN	TLS certificate errors will be ignored for this session
1591454377518	mozrunner::runner	INFO	Running command: "C:\\Program Files\\Mozilla Firefox\\firefox.exe" "-marionette" "-foreground" "-no-remote" "-profile" "C:\\Users\\Prashan\\AppData\\Local\\Temp\\rust_mozprofile1QDWhO"
1591454377929	addons.webextension.doh-rollout@mozilla.org	WARN	Loading extension 'doh-rollout@mozilla.org': Reading manifest: Invalid extension permission: networkStatus
1591454378386	addons.webextension.screenshots@mozilla.org	WARN	Loading extension 'screenshots@mozilla.org': Reading manifest: Invalid extension permission: mozillaAddons
1591454378386	addons.webextension.screenshots@mozilla.org	WARN	Loading extension 'screenshots@mozilla.org': Reading manifest: Invalid extension permission: telemetry
1591454378387	addons.webextension.screenshots@mozilla.org	WARN	Loading extension 'screenshots@mozilla.org': Reading manifest: Invalid extension permission: resource://pdf.js/
1591454378387	addons.webextension.screenshots@mozilla.org	WARN	Loading extension 'screenshots@mozilla.org': Reading manifest: Invalid extension permission: about:reader*
JavaScript error: resource://gre/modules/XULStore.jsm, line 66: Error: Can't find profile directory.
1591454380800	Marionette	INFO	Listening on port 51729
1591454381148	Marionette	WARN	TLS certificate errors will be ignored for this session
1591454443968	Marionette	INFO	Stopped listening on port 51729

###!!! [Child][RunMessage] Error: Channel closing: too late to send/recv, messages will be lost


###!!! [Child][MessageChannel::SendAndWait] Error: Channel error: cannot send/recv

1591457677258	mozrunner::runner	INFO	Running command: "C:\\Program Files\\Mozilla Firefox\\firefox.exe" "-marionette" "-foreground" "-no-remote" "-profile" "C:\\Users\\Prashan\\AppData\\Local\\Temp\\rust_mozprofileLR6nUS"
1591457708340	mozrunner::runner	INFO	Running command: "C:\\Program Files\\Mozilla Firefox\\firefox.exe" "-marionette" "-foreground" "-no-remote" "-profile" "C:\\Users\\Prashan\\AppData\\Local\\Temp\\rust_mozprofileJDSiHc"
JavaScript error: resource://gre/modules/XULStore.jsm, line 66: Error: Can't find profile directory.
1591457711814	Marionette	INFO	Listening on port 54794
1591457711997	Marionette	WARN	TLS certificate errors will be ignored for this session
console.error: "Store does not have a valid reducer. Make sure the argument passed to combineReducers is an object whose values are reducers."
1591457838598	mozrunner::runner	INFO	Running command: "C:\\Program Files\\Mozilla Firefox\\firefox.exe" "-marionette" "-foreground" "-no-remote" "-profile" "C:\\Users\\Prashan\\AppData\\Local\\Temp\\rust_mozprofile0TIedY"
JavaScript error: resource://gre/modules/XULStore.jsm, line 66: Error: Can't find profile directory.
1591457842693	Marionette	INFO	Listening on port 54937
1591457842826	Marionette	WARN	TLS certificate errors will be ignored for this session
JavaScript warning: https://api-367267e6.duosecurity.com/frame/static/shared/lib/backbone/backbone-min.js?v=28a93, line 3: Using //@ to indicate sourceMappingURL pragmas is deprecated. Use //# instead
console.error: "Store does not have a valid reducer. Make sure the argument passed to combineReducers is an object whose values are reducers."
1591458282899	mozrunner::runner	INFO	Running command: "C:\\Program Files\\Mozilla Firefox\\firefox.exe" "-marionette" "-foreground" "-no-remote" "-profile" "C:\\Users\\Prashan\\AppData\\Local\\Temp\\rust_mozprofile3RYxGq"
JavaScript error: resource://gre/modules/XULStore.jsm, line 66: Error: Can't find profile directory.
1591458285715	Marionette	INFO	Listening on port 55341
1591458286022	Marionette	WARN	TLS certificate errors will be ignored for this session
JavaScript warning: https://api-367267e6.duosecurity.com/frame/static/shared/lib/backbone/backbone-min.js?v=28a93, line 3: Using //@ to indicate sourceMappingURL pragmas is deprecated. Use //# instead
console.error: "Store does not have a valid reducer. Make sure the argument passed to combineReducers is an object whose values are reducers."
1591458356127	mozrunner::runner	INFO	Running command: "C:\\Program Files\\Mozilla Firefox\\firefox.exe" "-marionette" "-foreground" "-no-remote" "-profile" "C:\\Users\\Prashan\\AppData\\Local\\Temp\\rust_mozprofileTDxTQx"
JavaScript error: resource://gre/modules/XULStore.jsm, line 66: Error: Can't find profile directory.
1591458358850	Marionette	INFO	Listening on port 55466
1591458359247	Marionette	WARN	TLS certificate errors will be ignored for this session
1591458484335	mozrunner::runner	INFO	Running command: "C:\\Program Files\\Mozilla Firefox\\firefox.exe" "-marionette" "-foreground" "-no-remote" "-profile" "C:\\Users\\Prashan\\AppData\\Local\\Temp\\rust_mozprofilev2qsjl"
JavaScript error: resource://gre/modules/XULStore.jsm, line 66: Error: Can't find profile directory.
1591458487329	Marionette	INFO	Listening on port 55653
1591458487447	Marionette	WARN	TLS certificate errors will be ignored for this session
1591458625478	mozrunner::runner	INFO	Running command: "C:\\Program Files\\Mozilla Firefox\\firefox.exe" "-marionette" "-foreground" "-no-remote" "-profile" "C:\\Users\\Prashan\\AppData\\Local\\Temp\\rust_mozprofile2ZS8cH"
JavaScript error: resource://gre/modules/XULStore.jsm, line 66: Error: Can't find profile directory.
1591458628375	Marionette	INFO	Listening on port 55813
1591458628590	Marionette	WARN	TLS certificate errors will be ignored for this session
1591458655929	mozrunner::runner	INFO	Running command: "C:\\Program Files\\Mozilla Firefox\\firefox.exe" "-marionette" "-foreground" "-no-remote" "-profile" "C:\\Users\\Prashan\\AppData\\Local\\Temp\\rust_mozprofileHrqLxL"
JavaScript error: resource://gre/modules/XULStore.jsm, line 66: Error: Can't find profile directory.
1591458659018	Marionette	INFO	Listening on port 55897
1591458659072	Marionette	WARN	TLS certificate errors will be ignored for this session
1591458807337	mozrunner::runner	INFO	Running command: "C:\\Program Files\\Mozilla Firefox\\firefox.exe" "-marionette" "-foreground" "-no-remote" "-profile" "C:\\Users\\Prashan\\AppData\\Local\\Temp\\rust_mozprofile44ywzY"
JavaScript error: resource://gre/modules/XULStore.jsm, line 66: Error: Can't find profile directory.
1591458811714	Marionette	INFO	Listening on port 56061
1591458812078	Marionette	WARN	TLS certificate errors will be ignored for this session
JavaScript warning: https://api-367267e6.duosecurity.com/frame/static/shared/lib/backbone/backbone-min.js?v=28a93, line 3: Using //@ to indicate sourceMappingURL pragmas is deprecated. Use //# instead
console.error: "Store does not have a valid reducer. Make sure the argument passed to combineReducers is an object whose values are reducers."
1591459585177	mozrunner::runner	INFO	Running command: "C:\\Program Files\\Mozilla Firefox\\firefox.exe" "-marionette" "-foreground" "-no-remote" "-profile" "C:\\Users\\Prashan\\AppData\\Local\\Temp\\rust_mozprofileamj8FE"
JavaScript error: resource://gre/modules/XULStore.jsm, line 66: Error: Can't find profile directory.
1591459588018	Marionette	INFO	Listening on port 50310
1591459588290	Marionette	WARN	TLS certificate errors will be ignored for this session
JavaScript warning: https://api-367267e6.duosecurity.com/frame/static/shared/lib/backbone/backbone-min.js?v=28a93, line 3: Using //@ to indicate sourceMappingURL pragmas is deprecated. Use //# instead
console.error: "Store does not have a valid reducer. Make sure the argument passed to combineReducers is an object whose values are reducers."
1591459799342	mozrunner::runner	INFO	Running command: "C:\\Program Files\\Mozilla Firefox\\firefox.exe" "-marionette" "-foreground" "-no-remote" "-profile" "C:\\Users\\Prashan\\AppData\\Local\\Temp\\rust_mozprofileiSx5yo"
JavaScript error: resource://gre/modules/XULStore.jsm, line 66: Error: Can't find profile directory.
1591459802293	Marionette	INFO	Listening on port 50526
1591459802459	Marionette	WARN	TLS certificate errors will be ignored for this session
JavaScript warning: https://api-367267e6.duosecurity.com/frame/static/shared/lib/backbone/backbone-min.js?v=28a93, line 3: Using //@ to indicate sourceMappingURL pragmas is deprecated. Use //# instead
console.error: "Store does not have a valid reducer. Make sure the argument passed to combineReducers is an object whose values are reducers."
1591459893384	mozrunner::runner	INFO	Running command: "C:\\Program Files\\Mozilla Firefox\\firefox.exe" "-marionette" "-foreground" "-no-remote" "-profile" "C:\\Users\\Prashan\\AppData\\Local\\Temp\\rust_mozprofileiSWM25"
JavaScript error: resource://gre/modules/XULStore.jsm, line 66: Error: Can't find profile directory.
1591459896177	Marionette	INFO	Listening on port 52094
1591459896505	Marionette	WARN	TLS certificate errors will be ignored for this session
JavaScript warning: https://api-367267e6.duosecurity.com/frame/static/shared/lib/backbone/backbone-min.js?v=28a93, line 3: Using //@ to indicate sourceMappingURL pragmas is deprecated. Use //# instead
console.error: "Store does not have a valid reducer. Make sure the argument passed to combineReducers is an object whose values are reducers."
1591460023272	mozrunner::runner	INFO	Running command: "C:\\Program Files\\Mozilla Firefox\\firefox.exe" "-marionette" "-foreground" "-no-remote" "-profile" "C:\\Users\\Prashan\\AppData\\Local\\Temp\\rust_mozprofileUWLa3l"
JavaScript error: resource://gre/modules/XULStore.jsm, line 66: Error: Can't find profile directory.
1591460026470	Marionette	INFO	Listening on port 52257
1591460026906	Marionette	WARN	TLS certificate errors will be ignored for this session
JavaScript warning: https://api-367267e6.duosecurity.com/frame/static/shared/lib/backbone/backbone-min.js?v=28a93, line 3: Using //@ to indicate sourceMappingURL pragmas is deprecated. Use //# instead
console.error: "Store does not have a valid reducer. Make sure the argument passed to combineReducers is an object whose values are reducers."
1591460296175	mozrunner::runner	INFO	Running command: "C:\\Program Files\\Mozilla Firefox\\firefox.exe" "-marionette" "-foreground" "-no-remote" "-profile" "C:\\Users\\Prashan\\AppData\\Local\\Temp\\rust_mozprofileNTN0Gq"
JavaScript error: resource://gre/modules/XULStore.jsm, line 66: Error: Can't find profile directory.
1591460299068	Marionette	INFO	Listening on port 52516
1591460299294	Marionette	WARN	TLS certificate errors will be ignored for this session
JavaScript warning: https://api-367267e6.duosecurity.com/frame/static/shared/lib/backbone/backbone-min.js?v=28a93, line 3: Using //@ to indicate sourceMappingURL pragmas is deprecated. Use //# instead
console.error: "Store does not have a valid reducer. Make sure the argument passed to combineReducers is an object whose values are reducers."
1591460487693	mozrunner::runner	INFO	Running command: "C:\\Program Files\\Mozilla Firefox\\firefox.exe" "-marionette" "-foreground" "-no-remote" "-profile" "C:\\Users\\Prashan\\AppData\\Local\\Temp\\rust_mozprofile2Sgco9"
JavaScript error: resource://gre/modules/XULStore.jsm, line 66: Error: Can't find profile directory.
1591460490664	Marionette	INFO	Listening on port 55351
1591460490817	Marionette	WARN	TLS certificate errors will be ignored for this session
JavaScript warning: https://api-367267e6.duosecurity.com/frame/static/shared/lib/backbone/backbone-min.js?v=28a93, line 3: Using //@ to indicate sourceMappingURL pragmas is deprecated. Use //# instead
console.error: "Store does not have a valid reducer. Make sure the argument passed to combineReducers is an object whose values are reducers."
1591460637398	mozrunner::runner	INFO	Running command: "C:\\Program Files\\Mozilla Firefox\\firefox.exe" "-marionette" "-foreground" "-no-remote" "-profile" "C:\\Users\\Prashan\\AppData\\Local\\Temp\\rust_mozprofileYaUNge"
JavaScript error: resource://gre/modules/XULStore.jsm, line 66: Error: Can't find profile directory.
1591460640256	Marionette	INFO	Listening on port 64664
1591460640509	Marionette	WARN	TLS certificate errors will be ignored for this session
JavaScript warning: https://api-367267e6.duosecurity.com/frame/static/shared/lib/backbone/backbone-min.js?v=28a93, line 3: Using //@ to indicate sourceMappingURL pragmas is deprecated. Use //# instead
console.error: "Store does not have a valid reducer. Make sure the argument passed to combineReducers is an object whose values are reducers."
1591461149124	mozrunner::runner	INFO	Running command: "C:\\Program Files\\Mozilla Firefox\\firefox.exe" "-marionette" "-foreground" "-no-remote" "-profile" "C:\\Users\\Prashan\\AppData\\Local\\Temp\\rust_mozprofileQ0EF4c"
JavaScript error: resource://gre/modules/XULStore.jsm, line 66: Error: Can't find profile directory.
1591461153176	Marionette	INFO	Listening on port 64721
1591461153272	Marionette	WARN	TLS certificate errors will be ignored for this session
JavaScript warning: https://api-367267e6.duosecurity.com/frame/static/shared/lib/backbone/backbone-min.js?v=28a93, line 3: Using //@ to indicate sourceMappingURL pragmas is deprecated. Use //# instead
1591461239012	mozrunner::runner	INFO	Running command: "C:\\Program Files\\Mozilla Firefox\\firefox.exe" "-marionette" "-foreground" "-no-remote" "-profile" "C:\\Users\\Prashan\\AppData\\Local\\Temp\\rust_mozprofilefwvlw3"
JavaScript error: resource://gre/modules/XULStore.jsm, line 66: Error: Can't find profile directory.
1591461242598	Marionette	INFO	Listening on port 64862
1591461242684	Marionette	WARN	TLS certificate errors will be ignored for this session
JavaScript warning: https://api-367267e6.duosecurity.com/frame/static/shared/lib/backbone/backbone-min.js?v=28a93, line 3: Using //@ to indicate sourceMappingURL pragmas is deprecated. Use //# instead
1591461422538	mozrunner::runner	INFO	Running command: "C:\\Program Files\\Mozilla Firefox\\firefox.exe" "-marionette" "-foreground" "-no-remote" "-profile" "C:\\Users\\Prashan\\AppData\\Local\\Temp\\rust_mozprofilepJjKDN"
JavaScript error: resource://gre/modules/XULStore.jsm, line 66: Error: Can't find profile directory.
1591461426056	Marionette	INFO	Listening on port 65038
1591461426166	Marionette	WARN	TLS certificate errors will be ignored for this session
JavaScript warning: https://api-367267e6.duosecurity.com/frame/static/shared/lib/backbone/backbone-min.js?v=28a93, line 3: Using //@ to indicate sourceMappingURL pragmas is deprecated. Use //# instead
1591461521688	mozrunner::runner	INFO	Running command: "C:\\Program Files\\Mozilla Firefox\\firefox.exe" "-marionette" "-foreground" "-no-remote" "-profile" "C:\\Users\\Prashan\\AppData\\Local\\Temp\\rust_mozprofileeT92nD"
JavaScript error: resource://gre/modules/XULStore.jsm, line 66: Error: Can't find profile directory.
1591461525430	Marionette	INFO	Listening on port 54741
1591461525878	Marionette	WARN	TLS certificate errors will be ignored for this session
JavaScript warning: https://api-367267e6.duosecurity.com/frame/static/shared/lib/backbone/backbone-min.js?v=28a93, line 3: Using //@ to indicate sourceMappingURL pragmas is deprecated. Use //# instead
1591461579884	mozrunner::runner	INFO	Running command: "C:\\Program Files\\Mozilla Firefox\\firefox.exe" "-marionette" "-foreground" "-no-remote" "-profile" "C:\\Users\\Prashan\\AppData\\Local\\Temp\\rust_mozprofileAt9WHU"
JavaScript error: resource://gre/modules/XULStore.jsm, line 66: Error: Can't find profile directory.
1591461582924	Marionette	INFO	Listening on port 54858
1591461583010	Marionette	WARN	TLS certificate errors will be ignored for this session
JavaScript warning: https://api-367267e6.duosecurity.com/frame/static/shared/lib/backbone/backbone-min.js?v=28a93, line 3: Using //@ to indicate sourceMappingURL pragmas is deprecated. Use //# instead
1591461654354	mozrunner::runner	INFO	Running command: "C:\\Program Files\\Mozilla Firefox\\firefox.exe" "-marionette" "-foreground" "-no-remote" "-profile" "C:\\Users\\Prashan\\AppData\\Local\\Temp\\rust_mozprofilejTQ8nO"
JavaScript error: resource://gre/modules/XULStore.jsm, line 66: Error: Can't find profile directory.
1591461657237	Marionette	INFO	Listening on port 54981
1591461657468	Marionette	WARN	TLS certificate errors will be ignored for this session
JavaScript warning: https://api-367267e6.duosecurity.com/frame/static/shared/lib/backbone/backbone-min.js?v=28a93, line 3: Using //@ to indicate sourceMappingURL pragmas is deprecated. Use //# instead
JavaScript warning: https://api-367267e6.duosecurity.com/frame/static/shared/lib/backbone/backbone-min.js?v=28a93, line 3: Using //@ to indicate sourceMappingURL pragmas is deprecated. Use //# instead
console.error: "Store does not have a valid reducer. Make sure the argument passed to combineReducers is an object whose values are reducers."
JavaScript warning: https://api-367267e6.duosecurity.com/frame/static/shared/lib/backbone/backbone-min.js?v=28a93, line 3: Using //@ to indicate sourceMappingURL pragmas is deprecated. Use //# instead
1591462083130	mozrunner::runner	INFO	Running command: "C:\\Program Files\\Mozilla Firefox\\firefox.exe" "-marionette" "-foreground" "-no-remote" "-profile" "C:\\Users\\Prashan\\AppData\\Local\\Temp\\rust_mozprofileySrMvY"
JavaScript error: resource://gre/modules/XULStore.jsm, line 66: Error: Can't find profile directory.
1591462085795	Marionette	INFO	Listening on port 53075
1591462086242	Marionette	WARN	TLS certificate errors will be ignored for this session
JavaScript warning: https://api-367267e6.duosecurity.com/frame/static/shared/lib/backbone/backbone-min.js?v=28a93, line 3: Using //@ to indicate sourceMappingURL pragmas is deprecated. Use //# instead
1591462577990	mozrunner::runner	INFO	Running command: "C:\\Program Files\\Mozilla Firefox\\firefox.exe" "-marionette" "-foreground" "-no-remote" "-profile" "C:\\Users\\Prashan\\AppData\\Local\\Temp\\rust_mozprofileSEfCln"
JavaScript error: resource://gre/modules/XULStore.jsm, line 66: Error: Can't find profile directory.
1591462580907	Marionette	INFO	Listening on port 56158
1591462581109	Marionette	WARN	TLS certificate errors will be ignored for this session
JavaScript warning: https://api-367267e6.duosecurity.com/frame/static/shared/lib/backbone/backbone-min.js?v=28a93, line 3: Using //@ to indicate sourceMappingURL pragmas is deprecated. Use //# instead
1591462852621	mozrunner::runner	INFO	Running command: "C:\\Program Files\\Mozilla Firefox\\firefox.exe" "-marionette" "-foreground" "-no-remote" "-profile" "C:\\Users\\Prashan\\AppData\\Local\\Temp\\rust_mozprofileba0Z74"
JavaScript error: resource://gre/modules/XULStore.jsm, line 66: Error: Can't find profile directory.
1591462855462	Marionette	INFO	Listening on port 52281
1591462855736	Marionette	WARN	TLS certificate errors will be ignored for this session
JavaScript warning: https://api-367267e6.duosecurity.com/frame/static/shared/lib/backbone/backbone-min.js?v=28a93, line 3: Using //@ to indicate sourceMappingURL pragmas is deprecated. Use //# instead
1591463082886	mozrunner::runner	INFO	Running command: "C:\\Program Files\\Mozilla Firefox\\firefox.exe" "-marionette" "-foreground" "-no-remote" "-profile" "C:\\Users\\Prashan\\AppData\\Local\\Temp\\rust_mozprofilek9qhq6"
JavaScript error: resource://gre/modules/XULStore.jsm, line 66: Error: Can't find profile directory.
1591463088582	Marionette	INFO	Listening on port 59871
1591463088960	Marionette	WARN	TLS certificate errors will be ignored for this session
JavaScript warning: https://api-367267e6.duosecurity.com/frame/static/shared/lib/backbone/backbone-min.js?v=28a93, line 3: Using //@ to indicate sourceMappingURL pragmas is deprecated. Use //# instead
1591463163339	mozrunner::runner	INFO	Running command: "C:\\Program Files\\Mozilla Firefox\\firefox.exe" "-marionette" "-foreground" "-no-remote" "-profile" "C:\\Users\\Prashan\\AppData\\Local\\Temp\\rust_mozprofileBKvVHL"
JavaScript error: resource://gre/modules/XULStore.jsm, line 66: Error: Can't find profile directory.
1591463166528	Marionette	INFO	Listening on port 59967
1591463167013	Marionette	WARN	TLS certificate errors will be ignored for this session
JavaScript warning: https://api-367267e6.duosecurity.com/frame/static/shared/lib/backbone/backbone-min.js?v=28a93, line 3: Using //@ to indicate sourceMappingURL pragmas is deprecated. Use //# instead
1591463795772	mozrunner::runner	INFO	Running command: "C:\\Program Files\\Mozilla Firefox\\firefox.exe" "-marionette" "-foreground" "-no-remote" "-profile" "C:\\Users\\Prashan\\AppData\\Local\\Temp\\rust_mozprofilej8lJon"
JavaScript error: resource://gre/modules/XULStore.jsm, line 66: Error: Can't find profile directory.
1591463798736	Marionette	INFO	Listening on port 63526
1591463798889	Marionette	WARN	TLS certificate errors will be ignored for this session
JavaScript warning: https://api-367267e6.duosecurity.com/frame/static/shared/lib/backbone/backbone-min.js?v=28a93, line 3: Using //@ to indicate sourceMappingURL pragmas is deprecated. Use //# instead
console.error: "Store does not have a valid reducer. Make sure the argument passed to combineReducers is an object whose values are reducers."
1591479039837	mozrunner::runner	INFO	Running command: "C:\\Program Files\\Mozilla Firefox\\firefox.exe" "-marionette" "-foreground" "-no-remote" "-profile" "C:\\Users\\Prashan\\AppData\\Local\\Temp\\rust_mozprofileoXIMBu"
JavaScript error: resource://gre/modules/XULStore.jsm, line 66: Error: Can't find profile directory.
1591479042897	Marionette	INFO	Listening on port 57269
1591479042977	Marionette	WARN	TLS certificate errors will be ignored for this session
JavaScript warning: https://api-367267e6.duosecurity.com/frame/static/shared/lib/backbone/backbone-min.js?v=28a93, line 3: Using //@ to indicate sourceMappingURL pragmas is deprecated. Use //# instead
JavaScript warning: https://api-367267e6.duosecurity.com/frame/static/shared/lib/backbone/backbone-min.js?v=28a93, line 3: Using //@ to indicate sourceMappingURL pragmas is deprecated. Use //# instead
console.error: "Store does not have a valid reducer. Make sure the argument passed to combineReducers is an object whose values are reducers."
1591479608074	mozrunner::runner	INFO	Running command: "C:\\Program Files\\Mozilla Firefox\\firefox.exe" "-marionette" "-foreground" "-no-remote" "-profile" "C:\\Users\\Prashan\\AppData\\Local\\Temp\\rust_mozprofileDcwnGX"
JavaScript error: resource://gre/modules/XULStore.jsm, line 66: Error: Can't find profile directory.
1591479610856	Marionette	INFO	Listening on port 52993
1591479611190	Marionette	WARN	TLS certificate errors will be ignored for this session
JavaScript warning: https://api-367267e6.duosecurity.com/frame/static/shared/lib/backbone/backbone-min.js?v=28a93, line 3: Using //@ to indicate sourceMappingURL pragmas is deprecated. Use //# instead
1591479724881	mozrunner::runner	INFO	Running command: "C:\\Program Files\\Mozilla Firefox\\firefox.exe" "-marionette" "-foreground" "-no-remote" "-profile" "C:\\Users\\Prashan\\AppData\\Local\\Temp\\rust_mozprofile1QQyTI"
JavaScript error: resource://gre/modules/XULStore.jsm, line 66: Error: Can't find profile directory.
1591479728075	Marionette	INFO	Listening on port 56673
1591479728507	Marionette	WARN	TLS certificate errors will be ignored for this session
JavaScript warning: https://api-367267e6.duosecurity.com/frame/static/shared/lib/backbone/backbone-min.js?v=28a93, line 3: Using //@ to indicate sourceMappingURL pragmas is deprecated. Use //# instead
console.error: "Store does not have a valid reducer. Make sure the argument passed to combineReducers is an object whose values are reducers."
1591480360718	mozrunner::runner	INFO	Running command: "C:\\Program Files\\Mozilla Firefox\\firefox.exe" "-marionette" "-foreground" "-no-remote" "-profile" "C:\\Users\\Prashan\\AppData\\Local\\Temp\\rust_mozprofile8f82Ed"
JavaScript error: resource://gre/modules/XULStore.jsm, line 66: Error: Can't find profile directory.
1591480363338	Marionette	INFO	Listening on port 56823
1591480363837	Marionette	WARN	TLS certificate errors will be ignored for this session
JavaScript warning: https://api-367267e6.duosecurity.com/frame/static/shared/lib/backbone/backbone-min.js?v=28a93, line 3: Using //@ to indicate sourceMappingURL pragmas is deprecated. Use //# instead
1591480415101	mozrunner::runner	INFO	Running command: "C:\\Program Files\\Mozilla Firefox\\firefox.exe" "-marionette" "-foreground" "-no-remote" "-profile" "C:\\Users\\Prashan\\AppData\\Local\\Temp\\rust_mozprofileKo8EII"
JavaScript error: resource://gre/modules/XULStore.jsm, line 66: Error: Can't find profile directory.
1591480418168	Marionette	INFO	Listening on port 51272
1591480418248	Marionette	WARN	TLS certificate errors will be ignored for this session
JavaScript warning: https://api-367267e6.duosecurity.com/frame/static/shared/lib/backbone/backbone-min.js?v=28a93, line 3: Using //@ to indicate sourceMappingURL pragmas is deprecated. Use //# instead
1591480594469	mozrunner::runner	INFO	Running command: "C:\\Program Files\\Mozilla Firefox\\firefox.exe" "-marionette" "-foreground" "-no-remote" "-profile" "C:\\Users\\Prashan\\AppData\\Local\\Temp\\rust_mozprofileEMxTKE"
JavaScript error: resource://gre/modules/XULStore.jsm, line 66: Error: Can't find profile directory.
1591480597722	Marionette	INFO	Listening on port 51364
1591480598097	Marionette	WARN	TLS certificate errors will be ignored for this session
JavaScript warning: https://api-367267e6.duosecurity.com/frame/static/shared/lib/backbone/backbone-min.js?v=28a93, line 3: Using //@ to indicate sourceMappingURL pragmas is deprecated. Use //# instead
console.error: "Store does not have a valid reducer. Make sure the argument passed to combineReducers is an object whose values are reducers."
1591480749082	mozrunner::runner	INFO	Running command: "C:\\Program Files\\Mozilla Firefox\\firefox.exe" "-marionette" "-foreground" "-no-remote" "-profile" "C:\\Users\\Prashan\\AppData\\Local\\Temp\\rust_mozprofiledmq2ED"
JavaScript error: resource://gre/modules/XULStore.jsm, line 66: Error: Can't find profile directory.
1591480753076	Marionette	INFO	Listening on port 51465
1591480753339	Marionette	WARN	TLS certificate errors will be ignored for this session
JavaScript warning: https://api-367267e6.duosecurity.com/frame/static/shared/lib/backbone/backbone-min.js?v=28a93, line 3: Using //@ to indicate sourceMappingURL pragmas is deprecated. Use //# instead
Marionette threw an error: [Exception... "Failure"  nsresult: "0x80004005 (NS_ERROR_FAILURE)"  location: "JS frame :: chrome://marionette/content/capture.js :: capture.canvas :: line 140"  data: no]
capture.canvas@chrome://marionette/content/capture.js:140:62
GeckoDriver.prototype.takeScreenshot@chrome://marionette/content/driver.js:3074:30

Marionette threw an error: [Exception... "Failure"  nsresult: "0x80004005 (NS_ERROR_FAILURE)"  location: "JS frame :: chrome://marionette/content/capture.js :: capture.canvas :: line 140"  data: no]
capture.canvas@chrome://marionette/content/capture.js:140:62
GeckoDriver.prototype.takeScreenshot@chrome://marionette/content/driver.js:3074:30

1591480844380	mozrunner::runner	INFO	Running command: "C:\\Program Files\\Mozilla Firefox\\firefox.exe" "-marionette" "-foreground" "-no-remote" "-profile" "C:\\Users\\Prashan\\AppData\\Local\\Temp\\rust_mozprofile37aTiC"
JavaScript error: resource://gre/modules/XULStore.jsm, line 66: Error: Can't find profile directory.
1591480847466	Marionette	INFO	Listening on port 51565
1591480847574	Marionette	WARN	TLS certificate errors will be ignored for this session
JavaScript error: resource://gre/modules/URIFixup.jsm, line 203: NS_ERROR_FAILURE: Should pass a non-null uri
JavaScript warning: https://api-367267e6.duosecurity.com/frame/static/shared/lib/backbone/backbone-min.js?v=28a93, line 3: Using //@ to indicate sourceMappingURL pragmas is deprecated. Use //# instead
1591480889564	mozrunner::runner	INFO	Running command: "C:\\Program Files\\Mozilla Firefox\\firefox.exe" "-marionette" "-foreground" "-no-remote" "-profile" "C:\\Users\\Prashan\\AppData\\Local\\Temp\\rust_mozprofiletzSHo2"
JavaScript error: resource://gre/modules/XULStore.jsm, line 66: Error: Can't find profile directory.
1591480892992	Marionette	INFO	Listening on port 51638
1591480893184	Marionette	WARN	TLS certificate errors will be ignored for this session
JavaScript error: resource://gre/modules/URIFixup.jsm, line 203: NS_ERROR_FAILURE: Should pass a non-null uri
JavaScript warning: https://api-367267e6.duosecurity.com/frame/static/shared/lib/backbone/backbone-min.js?v=28a93, line 3: Using //@ to indicate sourceMappingURL pragmas is deprecated. Use //# instead
Marionette threw an error: [Exception... "Failure"  nsresult: "0x80004005 (NS_ERROR_FAILURE)"  location: "JS frame :: chrome://marionette/content/capture.js :: capture.canvas :: line 140"  data: no]
capture.canvas@chrome://marionette/content/capture.js:140:62
GeckoDriver.prototype.takeScreenshot@chrome://marionette/content/driver.js:3074:30

Marionette threw an error: [Exception... "Failure"  nsresult: "0x80004005 (NS_ERROR_FAILURE)"  location: "JS frame :: chrome://marionette/content/capture.js :: capture.canvas :: line 140"  data: no]
capture.canvas@chrome://marionette/content/capture.js:140:62
GeckoDriver.prototype.takeScreenshot@chrome://marionette/content/driver.js:3074:30

Marionette threw an error: [Exception... "Failure"  nsresult: "0x80004005 (NS_ERROR_FAILURE)"  location: "JS frame :: chrome://marionette/content/capture.js :: capture.canvas :: line 140"  data: no]
capture.canvas@chrome://marionette/content/capture.js:140:62
GeckoDriver.prototype.takeScreenshot@chrome://marionette/content/driver.js:3074:30

Marionette threw an error: [Exception... "Failure"  nsresult: "0x80004005 (NS_ERROR_FAILURE)"  location: "JS frame :: chrome://marionette/content/capture.js :: capture.canvas :: line 140"  data: no]
capture.canvas@chrome://marionette/content/capture.js:140:62
GeckoDriver.prototype.takeScreenshot@chrome://marionette/content/driver.js:3074:30

Marionette threw an error: [Exception... "Failure"  nsresult: "0x80004005 (NS_ERROR_FAILURE)"  location: "JS frame :: chrome://marionette/content/capture.js :: capture.canvas :: line 140"  data: no]
capture.canvas@chrome://marionette/content/capture.js:140:62
GeckoDriver.prototype.takeScreenshot@chrome://marionette/content/driver.js:3074:30

Marionette threw an error: [Exception... "Failure"  nsresult: "0x80004005 (NS_ERROR_FAILURE)"  location: "JS frame :: chrome://marionette/content/capture.js :: capture.canvas :: line 140"  data: no]
capture.canvas@chrome://marionette/content/capture.js:140:62
GeckoDriver.prototype.takeScreenshot@chrome://marionette/content/driver.js:3074:30

1591481420599	mozrunner::runner	INFO	Running command: "C:\\Program Files\\Mozilla Firefox\\firefox.exe" "-marionette" "-foreground" "-no-remote" "-profile" "C:\\Users\\Prashan\\AppData\\Local\\Temp\\rust_mozprofileQFyTrc"
JavaScript error: resource://gre/modules/XULStore.jsm, line 66: Error: Can't find profile directory.
1591481423370	Marionette	INFO	Listening on port 52466
1591481423712	Marionette	WARN	TLS certificate errors will be ignored for this session
JavaScript warning: https://api-367267e6.duosecurity.com/frame/static/shared/lib/backbone/backbone-min.js?v=28a93, line 3: Using //@ to indicate sourceMappingURL pragmas is deprecated. Use //# instead
Marionette threw an error: [Exception... "Failure"  nsresult: "0x80004005 (NS_ERROR_FAILURE)"  location: "JS frame :: chrome://marionette/content/capture.js :: capture.canvas :: line 140"  data: no]
capture.canvas@chrome://marionette/content/capture.js:140:62
GeckoDriver.prototype.takeScreenshot@chrome://marionette/content/driver.js:3074:30

Marionette threw an error: [Exception... "Failure"  nsresult: "0x80004005 (NS_ERROR_FAILURE)"  location: "JS frame :: chrome://marionette/content/capture.js :: capture.canvas :: line 140"  data: no]
capture.canvas@chrome://marionette/content/capture.js:140:62
GeckoDriver.prototype.takeScreenshot@chrome://marionette/content/driver.js:3074:30

Marionette threw an error: [Exception... "Failure"  nsresult: "0x80004005 (NS_ERROR_FAILURE)"  location: "JS frame :: chrome://marionette/content/capture.js :: capture.canvas :: line 140"  data: no]
capture.canvas@chrome://marionette/content/capture.js:140:62
GeckoDriver.prototype.takeScreenshot@chrome://marionette/content/driver.js:3074:30

Marionette threw an error: [Exception... "Failure"  nsresult: "0x80004005 (NS_ERROR_FAILURE)"  location: "JS frame :: chrome://marionette/content/capture.js :: capture.canvas :: line 140"  data: no]
capture.canvas@chrome://marionette/content/capture.js:140:62
GeckoDriver.prototype.takeScreenshot@chrome://marionette/content/driver.js:3074:30

Marionette threw an error: [Exception... "Failure"  nsresult: "0x80004005 (NS_ERROR_FAILURE)"  location: "JS frame :: chrome://marionette/content/capture.js :: capture.canvas :: line 140"  data: no]
capture.canvas@chrome://marionette/content/capture.js:140:62
GeckoDriver.prototype.takeScreenshot@chrome://marionette/content/driver.js:3074:30

Marionette threw an error: [Exception... "Failure"  nsresult: "0x80004005 (NS_ERROR_FAILURE)"  location: "JS frame :: chrome://marionette/content/capture.js :: capture.canvas :: line 140"  data: no]
capture.canvas@chrome://marionette/content/capture.js:140:62
GeckoDriver.prototype.takeScreenshot@chrome://marionette/content/driver.js:3074:30

1591481838220	mozrunner::runner	INFO	Running command: "C:\\Program Files\\Mozilla Firefox\\firefox.exe" "-marionette" "-foreground" "-no-remote" "-profile" "C:\\Users\\Prashan\\AppData\\Local\\Temp\\rust_mozprofileKbtRRl"
JavaScript error: resource://gre/modules/XULStore.jsm, line 66: Error: Can't find profile directory.
1591481841091	Marionette	INFO	Listening on port 50607
1591481841347	Marionette	WARN	TLS certificate errors will be ignored for this session
JavaScript warning: https://api-367267e6.duosecurity.com/frame/static/shared/lib/backbone/backbone-min.js?v=28a93, line 3: Using //@ to indicate sourceMappingURL pragmas is deprecated. Use //# instead
1591482264332	mozrunner::runner	INFO	Running command: "C:\\Program Files\\Mozilla Firefox\\firefox.exe" "-marionette" "-foreground" "-no-remote" "-profile" "C:\\Users\\Prashan\\AppData\\Local\\Temp\\rust_mozprofile2JqqyU"
JavaScript error: resource://gre/modules/XULStore.jsm, line 66: Error: Can't find profile directory.

###!!! [Child][RunMessage] Error: Channel closing: too late to send/recv, messages will be lost

1591482268618	Marionette	INFO	Listening on port 56402
1591482268652	Marionette	WARN	TLS certificate errors will be ignored for this session
JavaScript warning: https://api-367267e6.duosecurity.com/frame/static/shared/lib/backbone/backbone-min.js?v=28a93, line 3: Using //@ to indicate sourceMappingURL pragmas is deprecated. Use //# instead
1591482316055	mozrunner::runner	INFO	Running command: "C:\\Program Files\\Mozilla Firefox\\firefox.exe" "-marionette" "-foreground" "-no-remote" "-profile" "C:\\Users\\Prashan\\AppData\\Local\\Temp\\rust_mozprofilevGp4x5"
JavaScript error: resource://gre/modules/XULStore.jsm, line 66: Error: Can't find profile directory.
1591482319260	Marionette	INFO	Listening on port 56497
1591482319854	Marionette	WARN	TLS certificate errors will be ignored for this session
JavaScript error: resource://gre/modules/URIFixup.jsm, line 203: NS_ERROR_FAILURE: Should pass a non-null uri
JavaScript warning: https://api-367267e6.duosecurity.com/frame/static/shared/lib/backbone/backbone-min.js?v=28a93, line 3: Using //@ to indicate sourceMappingURL pragmas is deprecated. Use //# instead
console.error: "Store does not have a valid reducer. Make sure the argument passed to combineReducers is an object whose values are reducers."
1591482572483	mozrunner::runner	INFO	Running command: "C:\\Program Files\\Mozilla Firefox\\firefox.exe" "-marionette" "-foreground" "-no-remote" "-profile" "C:\\Users\\Prashan\\AppData\\Local\\Temp\\rust_mozprofilewTFMBG"
JavaScript error: resource://gre/modules/XULStore.jsm, line 66: Error: Can't find profile directory.
1591482575427	Marionette	INFO	Listening on port 64188
1591482575598	Marionette	WARN	TLS certificate errors will be ignored for this session
JavaScript warning: https://api-367267e6.duosecurity.com/frame/static/shared/lib/backbone/backbone-min.js?v=28a93, line 3: Using //@ to indicate sourceMappingURL pragmas is deprecated. Use //# instead
1591482874653	mozrunner::runner	INFO	Running command: "C:\\Program Files\\Mozilla Firefox\\firefox.exe" "-marionette" "-foreground" "-no-remote" "-profile" "C:\\Users\\Prashan\\AppData\\Local\\Temp\\rust_mozprofilexgjXaP"
JavaScript error: resource://gre/modules/XULStore.jsm, line 66: Error: Can't find profile directory.
1591482878130	Marionette	INFO	Listening on port 64337
1591482878285	Marionette	WARN	TLS certificate errors will be ignored for this session
JavaScript error: resource://gre/modules/URIFixup.jsm, line 203: NS_ERROR_FAILURE: Should pass a non-null uri
JavaScript warning: https://api-367267e6.duosecurity.com/frame/static/shared/lib/backbone/backbone-min.js?v=28a93, line 3: Using //@ to indicate sourceMappingURL pragmas is deprecated. Use //# instead
1591483012493	Marionette	INFO	Stopped listening on port 64337

###!!! [Child][RunMessage] Error: Channel closing: too late to send/recv, messages will be lost


###!!! [Child][MessageChannel::SendAndWait] Error: Channel error: cannot send/recv

1591483022431	mozrunner::runner	INFO	Running command: "C:\\Program Files\\Mozilla Firefox\\firefox.exe" "-marionette" "-foreground" "-no-remote" "-profile" "C:\\Users\\Prashan\\AppData\\Local\\Temp\\rust_mozprofileFZbzCV"
JavaScript error: resource://gre/modules/XULStore.jsm, line 66: Error: Can't find profile directory.
1591483027592	Marionette	INFO	Listening on port 64482
1591483027965	Marionette	WARN	TLS certificate errors will be ignored for this session
JavaScript warning: https://api-367267e6.duosecurity.com/frame/static/shared/lib/backbone/backbone-min.js?v=28a93, line 3: Using //@ to indicate sourceMappingURL pragmas is deprecated. Use //# instead
1591483058557	Marionette	INFO	Stopped listening on port 64482

###!!! [Child][RunMessage] Error: Channel closing: too late to send/recv, messages will be lost


###!!! [Child][MessageChannel::SendAndWait] Error: Channel error: cannot send/recv

1591483191547	mozrunner::runner	INFO	Running command: "C:\\Program Files\\Mozilla Firefox\\firefox.exe" "-marionette" "-foreground" "-no-remote" "-profile" "C:\\Users\\Prashan\\AppData\\Local\\Temp\\rust_mozprofile5ZiZaf"
JavaScript error: resource://gre/modules/XULStore.jsm, line 66: Error: Can't find profile directory.
1591483194606	Marionette	INFO	Listening on port 64597
1591483194659	Marionette	WARN	TLS certificate errors will be ignored for this session
JavaScript warning: https://api-367267e6.duosecurity.com/frame/static/shared/lib/backbone/backbone-min.js?v=28a93, line 3: Using //@ to indicate sourceMappingURL pragmas is deprecated. Use //# instead
1591483331146	mozrunner::runner	INFO	Running command: "C:\\Program Files\\Mozilla Firefox\\firefox.exe" "-marionette" "-foreground" "-no-remote" "-profile" "C:\\Users\\Prashan\\AppData\\Local\\Temp\\rust_mozprofilevNLfvR"
JavaScript error: resource://gre/modules/XULStore.jsm, line 66: Error: Can't find profile directory.
1591483335002	Marionette	INFO	Listening on port 64770
1591483335266	Marionette	WARN	TLS certificate errors will be ignored for this session
JavaScript error: resource://gre/modules/URIFixup.jsm, line 203: NS_ERROR_FAILURE: Should pass a non-null uri
JavaScript warning: https://api-367267e6.duosecurity.com/frame/static/shared/lib/backbone/backbone-min.js?v=28a93, line 3: Using //@ to indicate sourceMappingURL pragmas is deprecated. Use //# instead
1591483410643	mozrunner::runner	INFO	Running command: "C:\\Program Files\\Mozilla Firefox\\firefox.exe" "-marionette" "-foreground" "-no-remote" "-profile" "C:\\Users\\Prashan\\AppData\\Local\\Temp\\rust_mozprofileSh26gP"
JavaScript error: resource://gre/modules/XULStore.jsm, line 66: Error: Can't find profile directory.
1591483415800	Marionette	INFO	Listening on port 64906
1591483416104	Marionette	WARN	TLS certificate errors will be ignored for this session
JavaScript warning: https://api-367267e6.duosecurity.com/frame/static/shared/lib/backbone/backbone-min.js?v=28a93, line 3: Using //@ to indicate sourceMappingURL pragmas is deprecated. Use //# instead
1591484730101	mozrunner::runner	INFO	Running command: "C:\\Program Files\\Mozilla Firefox\\firefox.exe" "-marionette" "-foreground" "-no-remote" "-profile" "C:\\Users\\Prashan\\AppData\\Local\\Temp\\rust_mozprofilemM7LkJ"
JavaScript error: resource://gre/modules/XULStore.jsm, line 66: Error: Can't find profile directory.
1591484735299	Marionette	INFO	Listening on port 50378
1591484735443	Marionette	WARN	TLS certificate errors will be ignored for this session
JavaScript warning: https://api-367267e6.duosecurity.com/frame/static/shared/lib/backbone/backbone-min.js?v=28a93, line 3: Using //@ to indicate sourceMappingURL pragmas is deprecated. Use //# instead
console.error: "Store does not have a valid reducer. Make sure the argument passed to combineReducers is an object whose values are reducers."
JavaScript error: resource:///modules/UrlbarInput.jsm, line 2049: TypeError: event.target.closest is not a function
1591486058565	Marionette	INFO	Stopped listening on port 50378

###!!! [Child][RunMessage] Error: Channel closing: too late to send/recv, messages will be lost


###!!! [Child][MessageChannel::SendAndWait] Error: Channel error: cannot send/recv

1591486730573	mozrunner::runner	INFO	Running command: "C:\\Program Files\\Mozilla Firefox\\firefox.exe" "-marionette" "-foreground" "-no-remote" "-profile" "C:\\Users\\Prashan\\AppData\\Local\\Temp\\rust_mozprofilenccDIw"
JavaScript error: resource://gre/modules/XULStore.jsm, line 66: Error: Can't find profile directory.
1591486733373	Marionette	INFO	Listening on port 55754
1591486733689	Marionette	WARN	TLS certificate errors will be ignored for this session
JavaScript warning: https://api-367267e6.duosecurity.com/frame/static/shared/lib/backbone/backbone-min.js?v=28a93, line 3: Using //@ to indicate sourceMappingURL pragmas is deprecated. Use //# instead
1591487335146	mozrunner::runner	INFO	Running command: "C:\\Program Files\\Mozilla Firefox\\firefox.exe" "-marionette" "-foreground" "-no-remote" "-profile" "C:\\Users\\Prashan\\AppData\\Local\\Temp\\rust_mozprofilekH6vzF"
JavaScript error: resource://gre/modules/XULStore.jsm, line 66: Error: Can't find profile directory.
1591487337769	Marionette	INFO	Listening on port 55978
1591487338271	Marionette	WARN	TLS certificate errors will be ignored for this session
JavaScript warning: https://api-367267e6.duosecurity.com/frame/static/shared/lib/backbone/backbone-min.js?v=28a93, line 3: Using //@ to indicate sourceMappingURL pragmas is deprecated. Use //# instead
1591487381856	mozrunner::runner	INFO	Running command: "C:\\Program Files\\Mozilla Firefox\\firefox.exe" "-marionette" "-foreground" "-no-remote" "-profile" "C:\\Users\\Prashan\\AppData\\Local\\Temp\\rust_mozprofileZZMAdQ"
JavaScript error: resource://gre/modules/XULStore.jsm, line 66: Error: Can't find profile directory.
1591487384673	Marionette	INFO	Listening on port 56068
1591487384994	Marionette	WARN	TLS certificate errors will be ignored for this session
JavaScript warning: https://api-367267e6.duosecurity.com/frame/static/shared/lib/backbone/backbone-min.js?v=28a93, line 3: Using //@ to indicate sourceMappingURL pragmas is deprecated. Use //# instead
1591487449493	mozrunner::runner	INFO	Running command: "C:\\Program Files\\Mozilla Firefox\\firefox.exe" "-marionette" "-foreground" "-no-remote" "-profile" "C:\\Users\\Prashan\\AppData\\Local\\Temp\\rust_mozprofileQDKaJw"
JavaScript error: resource://gre/modules/XULStore.jsm, line 66: Error: Can't find profile directory.
1591487452331	Marionette	INFO	Listening on port 56157
1591487452615	Marionette	WARN	TLS certificate errors will be ignored for this session
JavaScript warning: https://api-367267e6.duosecurity.com/frame/static/shared/lib/backbone/backbone-min.js?v=28a93, line 3: Using //@ to indicate sourceMappingURL pragmas is deprecated. Use //# instead
console.error: "Store does not have a valid reducer. Make sure the argument passed to combineReducers is an object whose values are reducers."
JavaScript warning: resource://devtools/client/shared/demangle.js, line 0: Successfully compiled asm.js code (total compilation time 81ms)
[GFX1-]: Failed to create DrawTarget, Type: 5 Size: Size(17496,54)
[GFX1-]: Failed to create DrawTarget, Type: 5 Size: Size(17496,54)
[GFX1-]: Failed to create DrawTarget, Type: 5 Size: Size(17496,54)
[GFX1-]: Failed to create DrawTarget, Type: 5 Size: Size(17496,54)
[GFX1-]: Failed to create DrawTarget, Type: 5 Size: Size(17496,54)
[GFX1-]: Failed to create DrawTarget, Type: 5 Size: Size(17496,54)
[GFX1-]: Failed to create DrawTarget, Type: 5 Size: Size(17496,54)
[GFX1-]: Failed to create DrawTarget, Type: 5 Size: Size(17496,54)
[GFX1-]: Failed to create DrawTarget, Type: 5 Size: Size(17496,54)
[GFX1-]: Failed to create DrawTarget, Type: 5 Size: Size(17496,54)
[GFX1-]: Failed to create DrawTarget, Type: 5 Size: Size(17496,54)
[GFX1-]: Failed to create DrawTarget, Type: 5 Size: Size(17496,54)
[GFX1-]: Failed to create DrawTarget, Type: 5 Size: Size(17496,54)
[GFX1-]: Failed to create DrawTarget, Type: 5 Size: Size(17496,54)
[GFX1-]: Failed to create DrawTarget, Type: 5 Size: Size(17496,54)
[GFX1-]: Failed to create DrawTarget, Type: 5 Size: Size(17496,54)
console.error: "Store does not have a valid reducer. Make sure the argument passed to combineReducers is an object whose values are reducers."
1591488358115	mozrunner::runner	INFO	Running command: "C:\\Program Files\\Mozilla Firefox\\firefox.exe" "-marionette" "-foreground" "-no-remote" "-profile" "C:\\Users\\Prashan\\AppData\\Local\\Temp\\rust_mozprofileb1w1bn"
JavaScript error: resource://gre/modules/XULStore.jsm, line 66: Error: Can't find profile directory.
1591488361187	Marionette	INFO	Listening on port 56503
1591488361256	Marionette	WARN	TLS certificate errors will be ignored for this session
JavaScript warning: https://api-367267e6.duosecurity.com/frame/static/shared/lib/backbone/backbone-min.js?v=28a93, line 3: Using //@ to indicate sourceMappingURL pragmas is deprecated. Use //# instead
1591488434977	mozrunner::runner	INFO	Running command: "C:\\Program Files\\Mozilla Firefox\\firefox.exe" "-marionette" "-foreground" "-no-remote" "-profile" "C:\\Users\\Prashan\\AppData\\Local\\Temp\\rust_mozprofileZvIGQ0"
JavaScript error: resource://gre/modules/XULStore.jsm, line 66: Error: Can't find profile directory.
1591488437682	Marionette	INFO	Listening on port 56610
1591488438090	Marionette	WARN	TLS certificate errors will be ignored for this session
JavaScript warning: https://api-367267e6.duosecurity.com/frame/static/shared/lib/backbone/backbone-min.js?v=28a93, line 3: Using //@ to indicate sourceMappingURL pragmas is deprecated. Use //# instead
JavaScript error: https://cdn.ncsu.edu/brand-assets/bootstrap/js/bootstrap.min.js, line 6: Error: Bootstrap's JavaScript requires jQuery
console.error: "Store does not have a valid reducer. Make sure the argument passed to combineReducers is an object whose values are reducers."
1591488536267	mozrunner::runner	INFO	Running command: "C:\\Program Files\\Mozilla Firefox\\firefox.exe" "-marionette" "-foreground" "-no-remote" "-profile" "C:\\Users\\Prashan\\AppData\\Local\\Temp\\rust_mozprofileGE2cfj"
JavaScript error: resource://gre/modules/XULStore.jsm, line 66: Error: Can't find profile directory.
1591488539094	Marionette	INFO	Listening on port 56707
1591488539390	Marionette	WARN	TLS certificate errors will be ignored for this session
JavaScript warning: https://api-367267e6.duosecurity.com/frame/static/shared/lib/backbone/backbone-min.js?v=28a93, line 3: Using //@ to indicate sourceMappingURL pragmas is deprecated. Use //# instead
1591488589050	mozrunner::runner	INFO	Running command: "C:\\Program Files\\Mozilla Firefox\\firefox.exe" "-marionette" "-foreground" "-no-remote" "-profile" "C:\\Users\\Prashan\\AppData\\Local\\Temp\\rust_mozprofileKHaw2B"
JavaScript error: resource://gre/modules/XULStore.jsm, line 66: Error: Can't find profile directory.
1591488591727	Marionette	INFO	Listening on port 56818
1591488592167	Marionette	WARN	TLS certificate errors will be ignored for this session
JavaScript warning: https://api-367267e6.duosecurity.com/frame/static/shared/lib/backbone/backbone-min.js?v=28a93, line 3: Using //@ to indicate sourceMappingURL pragmas is deprecated. Use //# instead
1591488988447	mozrunner::runner	INFO	Running command: "C:\\Program Files\\Mozilla Firefox\\firefox.exe" "-marionette" "-foreground" "-no-remote" "-profile" "C:\\Users\\Prashan\\AppData\\Local\\Temp\\rust_mozprofileQAzeO7"
JavaScript error: resource://gre/modules/XULStore.jsm, line 66: Error: Can't find profile directory.
1591488991436	Marionette	INFO	Listening on port 56976
1591488991563	Marionette	WARN	TLS certificate errors will be ignored for this session
1591489049143	mozrunner::runner	INFO	Running command: "C:\\Program Files\\Mozilla Firefox\\firefox.exe" "-marionette" "-foreground" "-no-remote" "-profile" "C:\\Users\\Prashan\\AppData\\Local\\Temp\\rust_mozprofileZVN071"
JavaScript error: resource://gre/modules/XULStore.jsm, line 66: Error: Can't find profile directory.
1591489052332	Marionette	INFO	Listening on port 57048
1591489052765	Marionette	WARN	TLS certificate errors will be ignored for this session
1591489074342	mozrunner::runner	INFO	Running command: "C:\\Program Files\\Mozilla Firefox\\firefox.exe" "-marionette" "-foreground" "-no-remote" "-profile" "C:\\Users\\Prashan\\AppData\\Local\\Temp\\rust_mozprofilewKrBu8"
JavaScript error: resource://gre/modules/XULStore.jsm, line 66: Error: Can't find profile directory.
1591489077505	Marionette	INFO	Listening on port 57121
1591489077958	Marionette	WARN	TLS certificate errors will be ignored for this session
1591489172870	mozrunner::runner	INFO	Running command: "C:\\Program Files\\Mozilla Firefox\\firefox.exe" "-marionette" "-foreground" "-no-remote" "-profile" "C:\\Users\\Prashan\\AppData\\Local\\Temp\\rust_mozprofileAB3lFE"
JavaScript error: resource://gre/modules/XULStore.jsm, line 66: Error: Can't find profile directory.
1591489175635	Marionette	INFO	Listening on port 57199
1591489175985	Marionette	WARN	TLS certificate errors will be ignored for this session
JavaScript warning: https://api-367267e6.duosecurity.com/frame/static/shared/lib/backbone/backbone-min.js?v=28a93, line 3: Using //@ to indicate sourceMappingURL pragmas is deprecated. Use //# instead
1591489275022	mozrunner::runner	INFO	Running command: "C:\\Program Files\\Mozilla Firefox\\firefox.exe" "-marionette" "-foreground" "-no-remote" "-profile" "C:\\Users\\Prashan\\AppData\\Local\\Temp\\rust_mozprofilesMNbz6"
JavaScript error: resource://gre/modules/XULStore.jsm, line 66: Error: Can't find profile directory.
1591489277967	Marionette	INFO	Listening on port 57341
1591489278137	Marionette	WARN	TLS certificate errors will be ignored for this session
JavaScript warning: https://api-367267e6.duosecurity.com/frame/static/shared/lib/backbone/backbone-min.js?v=28a93, line 3: Using //@ to indicate sourceMappingURL pragmas is deprecated. Use //# instead
Marionette threw an error: [Exception... "Failure"  nsresult: "0x80004005 (NS_ERROR_FAILURE)"  location: "JS frame :: chrome://marionette/content/capture.js :: capture.canvas :: line 140"  data: no]
capture.canvas@chrome://marionette/content/capture.js:140:62
GeckoDriver.prototype.takeScreenshot@chrome://marionette/content/driver.js:3074:30

Marionette threw an error: [Exception... "Failure"  nsresult: "0x80004005 (NS_ERROR_FAILURE)"  location: "JS frame :: chrome://marionette/content/capture.js :: capture.canvas :: line 140"  data: no]
capture.canvas@chrome://marionette/content/capture.js:140:62
GeckoDriver.prototype.takeScreenshot@chrome://marionette/content/driver.js:3074:30

console.error: "Store does not have a valid reducer. Make sure the argument passed to combineReducers is an object whose values are reducers."
1591489419246	mozrunner::runner	INFO	Running command: "C:\\Program Files\\Mozilla Firefox\\firefox.exe" "-marionette" "-foreground" "-no-remote" "-profile" "C:\\Users\\Prashan\\AppData\\Local\\Temp\\rust_mozprofileivANhX"
JavaScript error: resource://gre/modules/XULStore.jsm, line 66: Error: Can't find profile directory.
1591489422053	Marionette	INFO	Listening on port 57483
1591489422359	Marionette	WARN	TLS certificate errors will be ignored for this session
JavaScript warning: https://api-367267e6.duosecurity.com/frame/static/shared/lib/backbone/backbone-min.js?v=28a93, line 3: Using //@ to indicate sourceMappingURL pragmas is deprecated. Use //# instead
console.error: "Store does not have a valid reducer. Make sure the argument passed to combineReducers is an object whose values are reducers."
1591489614335	mozrunner::runner	INFO	Running command: "C:\\Program Files\\Mozilla Firefox\\firefox.exe" "-marionette" "-foreground" "-no-remote" "-profile" "C:\\Users\\Prashan\\AppData\\Local\\Temp\\rust_mozprofiledqCp4p"
JavaScript error: resource://gre/modules/XULStore.jsm, line 66: Error: Can't find profile directory.
1591489617497	Marionette	INFO	Listening on port 57643
1591489617948	Marionette	WARN	TLS certificate errors will be ignored for this session
JavaScript warning: https://api-367267e6.duosecurity.com/frame/static/shared/lib/backbone/backbone-min.js?v=28a93, line 3: Using //@ to indicate sourceMappingURL pragmas is deprecated. Use //# instead
1591489871396	mozrunner::runner	INFO	Running command: "C:\\Program Files\\Mozilla Firefox\\firefox.exe" "-marionette" "-foreground" "-no-remote" "-profile" "C:\\Users\\Prashan\\AppData\\Local\\Temp\\rust_mozprofile57mHvy"
JavaScript error: resource://gre/modules/XULStore.jsm, line 66: Error: Can't find profile directory.
1591489874237	Marionette	INFO	Listening on port 60274
1591489874508	Marionette	WARN	TLS certificate errors will be ignored for this session
JavaScript warning: https://api-367267e6.duosecurity.com/frame/static/shared/lib/backbone/backbone-min.js?v=28a93, line 3: Using //@ to indicate sourceMappingURL pragmas is deprecated. Use //# instead
console.error: "Store does not have a valid reducer. Make sure the argument passed to combineReducers is an object whose values are reducers."
console.error: "Error writing response to: querySelector"
console.error: "Error while calling actor 'domwalker's method 'querySelector'" "Component returned failure code: 0x80070057 (NS_ERROR_ILLEGAL_VALUE) [nsIEventListenerService.getListenerInfoFor]"
console.error: "getDOMListeners@resource://devtools/server/actors/inspector/event-collector.js:266:22\ngetListeners@resource://devtools/server/actors/inspector/event-collector.js:334:28\nhasListeners@resource://devtools/server/actors/inspector/event-collector.js:227:17\nhasEventListeners@resource://devtools/server/actors/inspector/event-collector.js:800:21\nget _hasEventListeners@resource://devtools/server/actors/inspector/node.js:459:33\nform@resource://devtools/server/actors/inspector/node.js:262:7\nwrite@resource://devtools/shared/protocol/types.js:363:32\ntypes.addArrayType/write/<@resource://devtools/shared/protocol/types.js:220:33\nwrite@resource://devtools/shared/protocol/types.js:220:16\nwrite@resource://devtools/shared/protocol/types.js:268:39\nwrite@resource://devtools/shared/protocol/Response.js:102:22\nwrite@resource://devtools/shared/protocol/Response.js:47:28\nsendReturn@resource://devtools/shared/protocol/Actor.js:164:38\n"
console.error: (new Error("Protocol error (unknownError): Component returned failure code: 0x80070057 (NS_ERROR_ILLEGAL_VALUE) [nsIEventListenerService.getListenerInfoFor] from: server0.conn0.child2/domwalker23", "resource://devtools/shared/protocol/Front.js", 319))
console.warn: ({})
1591489974688	Marionette	INFO	Stopped listening on port 60274

###!!! [Child][RunMessage] Error: Channel closing: too late to send/recv, messages will be lost


###!!! [Child][MessageChannel::SendAndWait] Error: Channel error: cannot send/recv

1591489991609	mozrunner::runner	INFO	Running command: "C:\\Program Files\\Mozilla Firefox\\firefox.exe" "-marionette" "-foreground" "-no-remote" "-profile" "C:\\Users\\Prashan\\AppData\\Local\\Temp\\rust_mozprofilefuCSoC"
JavaScript error: resource://gre/modules/XULStore.jsm, line 66: Error: Can't find profile directory.
1591489994435	Marionette	INFO	Listening on port 60442
1591489994727	Marionette	WARN	TLS certificate errors will be ignored for this session
JavaScript warning: https://api-367267e6.duosecurity.com/frame/static/shared/lib/backbone/backbone-min.js?v=28a93, line 3: Using //@ to indicate sourceMappingURL pragmas is deprecated. Use //# instead
console.error: "Store does not have a valid reducer. Make sure the argument passed to combineReducers is an object whose values are reducers."
1591490132155	mozrunner::runner	INFO	Running command: "C:\\Program Files\\Mozilla Firefox\\firefox.exe" "-marionette" "-foreground" "-no-remote" "-profile" "C:\\Users\\Prashan\\AppData\\Local\\Temp\\rust_mozprofile5MhsqX"
JavaScript error: resource://gre/modules/XULStore.jsm, line 66: Error: Can't find profile directory.
1591490135270	Marionette	INFO	Listening on port 60580
1591490135302	Marionette	WARN	TLS certificate errors will be ignored for this session
JavaScript warning: https://api-367267e6.duosecurity.com/frame/static/shared/lib/backbone/backbone-min.js?v=28a93, line 3: Using //@ to indicate sourceMappingURL pragmas is deprecated. Use //# instead
console.error: "Store does not have a valid reducer. Make sure the argument passed to combineReducers is an object whose values are reducers."
1591490291002	mozrunner::runner	INFO	Running command: "C:\\Program Files\\Mozilla Firefox\\firefox.exe" "-marionette" "-foreground" "-no-remote" "-profile" "C:\\Users\\Prashan\\AppData\\Local\\Temp\\rust_mozprofileQX2j8F"
JavaScript error: resource://gre/modules/XULStore.jsm, line 66: Error: Can't find profile directory.
1591490294109	Marionette	INFO	Listening on port 60732
1591490294124	Marionette	WARN	TLS certificate errors will be ignored for this session
JavaScript warning: https://api-367267e6.duosecurity.com/frame/static/shared/lib/backbone/backbone-min.js?v=28a93, line 3: Using //@ to indicate sourceMappingURL pragmas is deprecated. Use //# instead
console.error: "Store does not have a valid reducer. Make sure the argument passed to combineReducers is an object whose values are reducers."
1591492033799	mozrunner::runner	INFO	Running command: "C:\\Program Files\\Mozilla Firefox\\firefox.exe" "-marionette" "-foreground" "-no-remote" "-profile" "C:\\Users\\Prashan\\AppData\\Local\\Temp\\rust_mozprofileG6XlA0"
JavaScript error: resource://gre/modules/XULStore.jsm, line 66: Error: Can't find profile directory.
1591492037018	Marionette	INFO	Listening on port 59503
1591492037413	Marionette	WARN	TLS certificate errors will be ignored for this session
JavaScript warning: https://api-367267e6.duosecurity.com/frame/static/shared/lib/backbone/backbone-min.js?v=28a93, line 3: Using //@ to indicate sourceMappingURL pragmas is deprecated. Use //# instead
console.error: "Store does not have a valid reducer. Make sure the argument passed to combineReducers is an object whose values are reducers."
1591542919264	mozrunner::runner	INFO	Running command: "C:\\Program Files\\Mozilla Firefox\\firefox.exe" "-marionette" "-foreground" "-no-remote" "-profile" "C:\\Users\\Prashan\\AppData\\Local\\Temp\\rust_mozprofile6Ot0Iz"
JavaScript error: resource://gre/modules/XULStore.jsm, line 66: Error: Can't find profile directory.
1591542922570	Marionette	INFO	Listening on port 58850
1591542922926	Marionette	WARN	TLS certificate errors will be ignored for this session
JavaScript warning: https://api-367267e6.duosecurity.com/frame/static/shared/lib/backbone/backbone-min.js?v=28a93, line 3: Using //@ to indicate sourceMappingURL pragmas is deprecated. Use //# instead
1591542997658	mozrunner::runner	INFO	Running command: "C:\\Program Files\\Mozilla Firefox\\firefox.exe" "-marionette" "-foreground" "-no-remote" "-profile" "C:\\Users\\Prashan\\AppData\\Local\\Temp\\rust_mozprofilejz0fgd"
JavaScript error: resource://gre/modules/XULStore.jsm, line 66: Error: Can't find profile directory.
1591543000762	Marionette	INFO	Listening on port 58973
1591543000807	Marionette	WARN	TLS certificate errors will be ignored for this session
JavaScript warning: https://api-367267e6.duosecurity.com/frame/static/shared/lib/backbone/backbone-min.js?v=28a93, line 3: Using //@ to indicate sourceMappingURL pragmas is deprecated. Use //# instead
1591543632529	mozrunner::runner	INFO	Running command: "C:\\Program Files\\Mozilla Firefox\\firefox.exe" "-marionette" "-foreground" "-no-remote" "-profile" "C:\\Users\\Prashan\\AppData\\Local\\Temp\\rust_mozprofile3nYyDG"
JavaScript error: resource://gre/modules/XULStore.jsm, line 66: Error: Can't find profile directory.
1591543636644	Marionette	INFO	Listening on port 57543
1591543636746	Marionette	WARN	TLS certificate errors will be ignored for this session
1591543730764	mozrunner::runner	INFO	Running command: "C:\\Program Files\\Mozilla Firefox\\firefox.exe" "-marionette" "-foreground" "-no-remote" "-profile" "C:\\Users\\Prashan\\AppData\\Local\\Temp\\rust_mozprofile8p1lX6"
JavaScript error: resource://gre/modules/XULStore.jsm, line 66: Error: Can't find profile directory.
1591543734068	Marionette	INFO	Listening on port 57665
1591543734402	Marionette	WARN	TLS certificate errors will be ignored for this session
1591543780582	mozrunner::runner	INFO	Running command: "C:\\Program Files\\Mozilla Firefox\\firefox.exe" "-marionette" "-foreground" "-no-remote" "-profile" "C:\\Users\\Prashan\\AppData\\Local\\Temp\\rust_mozprofile91wHZr"
JavaScript error: resource://gre/modules/XULStore.jsm, line 66: Error: Can't find profile directory.
1591543783698	Marionette	INFO	Listening on port 57764
1591543784368	Marionette	WARN	TLS certificate errors will be ignored for this session
JavaScript warning: https://api-367267e6.duosecurity.com/frame/static/shared/lib/backbone/backbone-min.js?v=28a93, line 3: Using //@ to indicate sourceMappingURL pragmas is deprecated. Use //# instead
1591543855978	Marionette	INFO	Stopped listening on port 57764

###!!! [Child][RunMessage] Error: Channel closing: too late to send/recv, messages will be lost


###!!! [Child][MessageChannel::SendAndWait] Error: Channel error: cannot send/recv

1591545299491	mozrunner::runner	INFO	Running command: "C:\\Program Files\\Mozilla Firefox\\firefox.exe" "-marionette" "-foreground" "-no-remote" "-profile" "C:\\Users\\Prashan\\AppData\\Local\\Temp\\rust_mozprofileBw1c19"
JavaScript error: resource://gre/modules/XULStore.jsm, line 66: Error: Can't find profile directory.
1591545302417	Marionette	INFO	Listening on port 56143
1591545302629	Marionette	WARN	TLS certificate errors will be ignored for this session
JavaScript warning: https://api-367267e6.duosecurity.com/frame/static/shared/lib/backbone/backbone-min.js?v=28a93, line 3: Using //@ to indicate sourceMappingURL pragmas is deprecated. Use //# instead
1591545457755	mozrunner::runner	INFO	Running command: "C:\\Program Files\\Mozilla Firefox\\firefox.exe" "-marionette" "-foreground" "-no-remote" "-profile" "C:\\Users\\Prashan\\AppData\\Local\\Temp\\rust_mozprofileA9RZAv"
JavaScript error: resource://gre/modules/XULStore.jsm, line 66: Error: Can't find profile directory.
1591545460378	Marionette	INFO	Listening on port 56381
1591545460868	Marionette	WARN	TLS certificate errors will be ignored for this session
JavaScript warning: https://api-367267e6.duosecurity.com/frame/static/shared/lib/backbone/backbone-min.js?v=28a93, line 3: Using //@ to indicate sourceMappingURL pragmas is deprecated. Use //# instead
1591545528323	mozrunner::runner	INFO	Running command: "C:\\Program Files\\Mozilla Firefox\\firefox.exe" "-marionette" "-foreground" "-no-remote" "-profile" "C:\\Users\\Prashan\\AppData\\Local\\Temp\\rust_mozprofilePZmsGs"
JavaScript error: resource://gre/modules/XULStore.jsm, line 66: Error: Can't find profile directory.
1591545531054	Marionette	INFO	Listening on port 56555
1591545531441	Marionette	WARN	TLS certificate errors will be ignored for this session
JavaScript warning: https://api-367267e6.duosecurity.com/frame/static/shared/lib/backbone/backbone-min.js?v=28a93, line 3: Using //@ to indicate sourceMappingURL pragmas is deprecated. Use //# instead
1591556359114	mozrunner::runner	INFO	Running command: "C:\\Program Files\\Mozilla Firefox\\firefox.exe" "-marionette" "-foreground" "-no-remote" "-profile" "C:\\Users\\Prashan\\AppData\\Local\\Temp\\rust_mozprofile00ou8w"
JavaScript error: resource://gre/modules/XULStore.jsm, line 66: Error: Can't find profile directory.
1591556362389	Marionette	INFO	Listening on port 61198
1591556362732	Marionette	WARN	TLS certificate errors will be ignored for this session
JavaScript warning: https://api-367267e6.duosecurity.com/frame/static/shared/lib/backbone/backbone-min.js?v=28a93, line 3: Using //@ to indicate sourceMappingURL pragmas is deprecated. Use //# instead
console.error: "Store does not have a valid reducer. Make sure the argument passed to combineReducers is an object whose values are reducers."
1591556614171	mozrunner::runner	INFO	Running command: "C:\\Program Files\\Mozilla Firefox\\firefox.exe" "-marionette" "-foreground" "-no-remote" "-profile" "C:\\Users\\Prashan\\AppData\\Local\\Temp\\rust_mozprofilew1hYXy"
JavaScript error: resource://gre/modules/XULStore.jsm, line 66: Error: Can't find profile directory.
1591556616800	Marionette	INFO	Listening on port 61472
1591556617289	Marionette	WARN	TLS certificate errors will be ignored for this session
JavaScript warning: https://api-367267e6.duosecurity.com/frame/static/shared/lib/backbone/backbone-min.js?v=28a93, line 3: Using //@ to indicate sourceMappingURL pragmas is deprecated. Use //# instead
1591556696957	mozrunner::runner	INFO	Running command: "C:\\Program Files\\Mozilla Firefox\\firefox.exe" "-marionette" "-foreground" "-no-remote" "-profile" "C:\\Users\\Prashan\\AppData\\Local\\Temp\\rust_mozprofileYrt7LY"
JavaScript error: resource://gre/modules/XULStore.jsm, line 66: Error: Can't find profile directory.
1591556699571	Marionette	INFO	Listening on port 61600
1591556699595	Marionette	WARN	TLS certificate errors will be ignored for this session
JavaScript warning: https://api-367267e6.duosecurity.com/frame/static/shared/lib/backbone/backbone-min.js?v=28a93, line 3: Using //@ to indicate sourceMappingURL pragmas is deprecated. Use //# instead
Marionette threw an error: [Exception... "Failure"  nsresult: "0x80004005 (NS_ERROR_FAILURE)"  location: "JS frame :: chrome://marionette/content/capture.js :: capture.canvas :: line 140"  data: no]
capture.canvas@chrome://marionette/content/capture.js:140:62
GeckoDriver.prototype.takeScreenshot@chrome://marionette/content/driver.js:3074:30

Marionette threw an error: [Exception... "Failure"  nsresult: "0x80004005 (NS_ERROR_FAILURE)"  location: "JS frame :: chrome://marionette/content/capture.js :: capture.canvas :: line 140"  data: no]
capture.canvas@chrome://marionette/content/capture.js:140:62
GeckoDriver.prototype.takeScreenshot@chrome://marionette/content/driver.js:3074:30

console.error: "Store does not have a valid reducer. Make sure the argument passed to combineReducers is an object whose values are reducers."
1591556886960	mozrunner::runner	INFO	Running command: "C:\\Program Files\\Mozilla Firefox\\firefox.exe" "-marionette" "-foreground" "-no-remote" "-profile" "C:\\Users\\Prashan\\AppData\\Local\\Temp\\rust_mozprofileKrZIJl"
JavaScript error: resource://gre/modules/XULStore.jsm, line 66: Error: Can't find profile directory.
1591556891197	Marionette	INFO	Listening on port 61772
1591556891678	Marionette	WARN	TLS certificate errors will be ignored for this session
JavaScript warning: https://api-367267e6.duosecurity.com/frame/static/shared/lib/backbone/backbone-min.js?v=28a93, line 3: Using //@ to indicate sourceMappingURL pragmas is deprecated. Use //# instead
Marionette threw an error: [Exception... "Failure"  nsresult: "0x80004005 (NS_ERROR_FAILURE)"  location: "JS frame :: chrome://marionette/content/capture.js :: capture.canvas :: line 140"  data: no]
capture.canvas@chrome://marionette/content/capture.js:140:62
GeckoDriver.prototype.takeScreenshot@chrome://marionette/content/driver.js:3074:30

Marionette threw an error: [Exception... "Failure"  nsresult: "0x80004005 (NS_ERROR_FAILURE)"  location: "JS frame :: chrome://marionette/content/capture.js :: capture.canvas :: line 140"  data: no]
capture.canvas@chrome://marionette/content/capture.js:140:62
GeckoDriver.prototype.takeScreenshot@chrome://marionette/content/driver.js:3074:30

Marionette threw an error: [Exception... "Failure"  nsresult: "0x80004005 (NS_ERROR_FAILURE)"  location: "JS frame :: chrome://marionette/content/capture.js :: capture.canvas :: line 140"  data: no]
capture.canvas@chrome://marionette/content/capture.js:140:62
GeckoDriver.prototype.takeScreenshot@chrome://marionette/content/driver.js:3074:30

Marionette threw an error: [Exception... "Failure"  nsresult: "0x80004005 (NS_ERROR_FAILURE)"  location: "JS frame :: chrome://marionette/content/capture.js :: capture.canvas :: line 140"  data: no]
capture.canvas@chrome://marionette/content/capture.js:140:62
GeckoDriver.prototype.takeScreenshot@chrome://marionette/content/driver.js:3074:30

Marionette threw an error: [Exception... "Failure"  nsresult: "0x80004005 (NS_ERROR_FAILURE)"  location: "JS frame :: chrome://marionette/content/capture.js :: capture.canvas :: line 140"  data: no]
capture.canvas@chrome://marionette/content/capture.js:140:62
GeckoDriver.prototype.takeScreenshot@chrome://marionette/content/driver.js:3074:30

Marionette threw an error: [Exception... "Failure"  nsresult: "0x80004005 (NS_ERROR_FAILURE)"  location: "JS frame :: chrome://marionette/content/capture.js :: capture.canvas :: line 140"  data: no]
capture.canvas@chrome://marionette/content/capture.js:140:62
GeckoDriver.prototype.takeScreenshot@chrome://marionette/content/driver.js:3074:30

Marionette threw an error: [Exception... "Failure"  nsresult: "0x80004005 (NS_ERROR_FAILURE)"  location: "JS frame :: chrome://marionette/content/capture.js :: capture.canvas :: line 140"  data: no]
capture.canvas@chrome://marionette/content/capture.js:140:62
GeckoDriver.prototype.takeScreenshot@chrome://marionette/content/driver.js:3074:30

Marionette threw an error: [Exception... "Failure"  nsresult: "0x80004005 (NS_ERROR_FAILURE)"  location: "JS frame :: chrome://marionette/content/capture.js :: capture.canvas :: line 140"  data: no]
capture.canvas@chrome://marionette/content/capture.js:140:62
GeckoDriver.prototype.takeScreenshot@chrome://marionette/content/driver.js:3074:30

Marionette threw an error: [Exception... "Failure"  nsresult: "0x80004005 (NS_ERROR_FAILURE)"  location: "JS frame :: chrome://marionette/content/capture.js :: capture.canvas :: line 140"  data: no]
capture.canvas@chrome://marionette/content/capture.js:140:62
GeckoDriver.prototype.takeScreenshot@chrome://marionette/content/driver.js:3074:30

Marionette threw an error: [Exception... "Failure"  nsresult: "0x80004005 (NS_ERROR_FAILURE)"  location: "JS frame :: chrome://marionette/content/capture.js :: capture.canvas :: line 140"  data: no]
capture.canvas@chrome://marionette/content/capture.js:140:62
GeckoDriver.prototype.takeScreenshot@chrome://marionette/content/driver.js:3074:30

Marionette threw an error: [Exception... "Failure"  nsresult: "0x80004005 (NS_ERROR_FAILURE)"  location: "JS frame :: chrome://marionette/content/capture.js :: capture.canvas :: line 140"  data: no]
capture.canvas@chrome://marionette/content/capture.js:140:62
GeckoDriver.prototype.takeScreenshot@chrome://marionette/content/driver.js:3074:30

Marionette threw an error: [Exception... "Failure"  nsresult: "0x80004005 (NS_ERROR_FAILURE)"  location: "JS frame :: chrome://marionette/content/capture.js :: capture.canvas :: line 140"  data: no]
capture.canvas@chrome://marionette/content/capture.js:140:62
GeckoDriver.prototype.takeScreenshot@chrome://marionette/content/driver.js:3074:30

Marionette threw an error: [Exception... "Failure"  nsresult: "0x80004005 (NS_ERROR_FAILURE)"  location: "JS frame :: chrome://marionette/content/capture.js :: capture.canvas :: line 140"  data: no]
capture.canvas@chrome://marionette/content/capture.js:140:62
GeckoDriver.prototype.takeScreenshot@chrome://marionette/content/driver.js:3074:30

Marionette threw an error: [Exception... "Failure"  nsresult: "0x80004005 (NS_ERROR_FAILURE)"  location: "JS frame :: chrome://marionette/content/capture.js :: capture.canvas :: line 140"  data: no]
capture.canvas@chrome://marionette/content/capture.js:140:62
GeckoDriver.prototype.takeScreenshot@chrome://marionette/content/driver.js:3074:30

Marionette threw an error: [Exception... "Failure"  nsresult: "0x80004005 (NS_ERROR_FAILURE)"  location: "JS frame :: chrome://marionette/content/capture.js :: capture.canvas :: line 140"  data: no]
capture.canvas@chrome://marionette/content/capture.js:140:62
GeckoDriver.prototype.takeScreenshot@chrome://marionette/content/driver.js:3074:30

Marionette threw an error: [Exception... "Failure"  nsresult: "0x80004005 (NS_ERROR_FAILURE)"  location: "JS frame :: chrome://marionette/content/capture.js :: capture.canvas :: line 140"  data: no]
capture.canvas@chrome://marionette/content/capture.js:140:62
GeckoDriver.prototype.takeScreenshot@chrome://marionette/content/driver.js:3074:30

Marionette threw an error: [Exception... "Failure"  nsresult: "0x80004005 (NS_ERROR_FAILURE)"  location: "JS frame :: chrome://marionette/content/capture.js :: capture.canvas :: line 140"  data: no]
capture.canvas@chrome://marionette/content/capture.js:140:62
GeckoDriver.prototype.takeScreenshot@chrome://marionette/content/driver.js:3074:30

Marionette threw an error: [Exception... "Failure"  nsresult: "0x80004005 (NS_ERROR_FAILURE)"  location: "JS frame :: chrome://marionette/content/capture.js :: capture.canvas :: line 140"  data: no]
capture.canvas@chrome://marionette/content/capture.js:140:62
GeckoDriver.prototype.takeScreenshot@chrome://marionette/content/driver.js:3074:30

Marionette threw an error: [Exception... "Failure"  nsresult: "0x80004005 (NS_ERROR_FAILURE)"  location: "JS frame :: chrome://marionette/content/capture.js :: capture.canvas :: line 140"  data: no]
capture.canvas@chrome://marionette/content/capture.js:140:62
GeckoDriver.prototype.takeScreenshot@chrome://marionette/content/driver.js:3074:30

Marionette threw an error: [Exception... "Failure"  nsresult: "0x80004005 (NS_ERROR_FAILURE)"  location: "JS frame :: chrome://marionette/content/capture.js :: capture.canvas :: line 140"  data: no]
capture.canvas@chrome://marionette/content/capture.js:140:62
GeckoDriver.prototype.takeScreenshot@chrome://marionette/content/driver.js:3074:30

Marionette threw an error: [Exception... "Failure"  nsresult: "0x80004005 (NS_ERROR_FAILURE)"  location: "JS frame :: chrome://marionette/content/capture.js :: capture.canvas :: line 140"  data: no]
capture.canvas@chrome://marionette/content/capture.js:140:62
GeckoDriver.prototype.takeScreenshot@chrome://marionette/content/driver.js:3074:30

Marionette threw an error: [Exception... "Failure"  nsresult: "0x80004005 (NS_ERROR_FAILURE)"  location: "JS frame :: chrome://marionette/content/capture.js :: capture.canvas :: line 140"  data: no]
capture.canvas@chrome://marionette/content/capture.js:140:62
GeckoDriver.prototype.takeScreenshot@chrome://marionette/content/driver.js:3074:30

Marionette threw an error: [Exception... "Failure"  nsresult: "0x80004005 (NS_ERROR_FAILURE)"  location: "JS frame :: chrome://marionette/content/capture.js :: capture.canvas :: line 140"  data: no]
capture.canvas@chrome://marionette/content/capture.js:140:62
GeckoDriver.prototype.takeScreenshot@chrome://marionette/content/driver.js:3074:30

Marionette threw an error: [Exception... "Failure"  nsresult: "0x80004005 (NS_ERROR_FAILURE)"  location: "JS frame :: chrome://marionette/content/capture.js :: capture.canvas :: line 140"  data: no]
capture.canvas@chrome://marionette/content/capture.js:140:62
GeckoDriver.prototype.takeScreenshot@chrome://marionette/content/driver.js:3074:30

Marionette threw an error: [Exception... "Failure"  nsresult: "0x80004005 (NS_ERROR_FAILURE)"  location: "JS frame :: chrome://marionette/content/capture.js :: capture.canvas :: line 140"  data: no]
capture.canvas@chrome://marionette/content/capture.js:140:62
GeckoDriver.prototype.takeScreenshot@chrome://marionette/content/driver.js:3074:30

Marionette threw an error: [Exception... "Failure"  nsresult: "0x80004005 (NS_ERROR_FAILURE)"  location: "JS frame :: chrome://marionette/content/capture.js :: capture.canvas :: line 140"  data: no]
capture.canvas@chrome://marionette/content/capture.js:140:62
GeckoDriver.prototype.takeScreenshot@chrome://marionette/content/driver.js:3074:30

Marionette threw an error: [Exception... "Failure"  nsresult: "0x80004005 (NS_ERROR_FAILURE)"  location: "JS frame :: chrome://marionette/content/capture.js :: capture.canvas :: line 140"  data: no]
capture.canvas@chrome://marionette/content/capture.js:140:62
GeckoDriver.prototype.takeScreenshot@chrome://marionette/content/driver.js:3074:30

Marionette threw an error: [Exception... "Failure"  nsresult: "0x80004005 (NS_ERROR_FAILURE)"  location: "JS frame :: chrome://marionette/content/capture.js :: capture.canvas :: line 140"  data: no]
capture.canvas@chrome://marionette/content/capture.js:140:62
GeckoDriver.prototype.takeScreenshot@chrome://marionette/content/driver.js:3074:30

Marionette threw an error: [Exception... "Failure"  nsresult: "0x80004005 (NS_ERROR_FAILURE)"  location: "JS frame :: chrome://marionette/content/capture.js :: capture.canvas :: line 140"  data: no]
capture.canvas@chrome://marionette/content/capture.js:140:62
GeckoDriver.prototype.takeScreenshot@chrome://marionette/content/driver.js:3074:30

Marionette threw an error: [Exception... "Failure"  nsresult: "0x80004005 (NS_ERROR_FAILURE)"  location: "JS frame :: chrome://marionette/content/capture.js :: capture.canvas :: line 140"  data: no]
capture.canvas@chrome://marionette/content/capture.js:140:62
GeckoDriver.prototype.takeScreenshot@chrome://marionette/content/driver.js:3074:30

console.error: "Store does not have a valid reducer. Make sure the argument passed to combineReducers is an object whose values are reducers."
1591557154629	mozrunner::runner	INFO	Running command: "C:\\Program Files\\Mozilla Firefox\\firefox.exe" "-marionette" "-foreground" "-no-remote" "-profile" "C:\\Users\\Prashan\\AppData\\Local\\Temp\\rust_mozprofileET9E8W"
JavaScript error: resource://gre/modules/XULStore.jsm, line 66: Error: Can't find profile directory.
1591557157479	Marionette	INFO	Listening on port 51624
1591557157746	Marionette	WARN	TLS certificate errors will be ignored for this session
JavaScript warning: https://api-367267e6.duosecurity.com/frame/static/shared/lib/backbone/backbone-min.js?v=28a93, line 3: Using //@ to indicate sourceMappingURL pragmas is deprecated. Use //# instead
Marionette threw an error: [Exception... "Failure"  nsresult: "0x80004005 (NS_ERROR_FAILURE)"  location: "JS frame :: chrome://marionette/content/capture.js :: capture.canvas :: line 140"  data: no]
capture.canvas@chrome://marionette/content/capture.js:140:62
GeckoDriver.prototype.takeScreenshot@chrome://marionette/content/driver.js:3074:30

Marionette threw an error: [Exception... "Failure"  nsresult: "0x80004005 (NS_ERROR_FAILURE)"  location: "JS frame :: chrome://marionette/content/capture.js :: capture.canvas :: line 140"  data: no]
capture.canvas@chrome://marionette/content/capture.js:140:62
GeckoDriver.prototype.takeScreenshot@chrome://marionette/content/driver.js:3074:30

1591557213116	mozrunner::runner	INFO	Running command: "C:\\Program Files\\Mozilla Firefox\\firefox.exe" "-marionette" "-foreground" "-no-remote" "-profile" "C:\\Users\\Prashan\\AppData\\Local\\Temp\\rust_mozprofile34Vaza"
JavaScript error: resource://gre/modules/XULStore.jsm, line 66: Error: Can't find profile directory.
1591557215881	Marionette	INFO	Listening on port 51728
1591557216240	Marionette	WARN	TLS certificate errors will be ignored for this session
JavaScript warning: https://api-367267e6.duosecurity.com/frame/static/shared/lib/backbone/backbone-min.js?v=28a93, line 3: Using //@ to indicate sourceMappingURL pragmas is deprecated. Use //# instead
1591557339656	mozrunner::runner	INFO	Running command: "C:\\Program Files\\Mozilla Firefox\\firefox.exe" "-marionette" "-foreground" "-no-remote" "-profile" "C:\\Users\\Prashan\\AppData\\Local\\Temp\\rust_mozprofile71hFgN"
JavaScript error: resource://gre/modules/XULStore.jsm, line 66: Error: Can't find profile directory.
1591557342626	Marionette	INFO	Listening on port 52056
1591557342767	Marionette	WARN	TLS certificate errors will be ignored for this session
JavaScript warning: https://api-367267e6.duosecurity.com/frame/static/shared/lib/backbone/backbone-min.js?v=28a93, line 3: Using //@ to indicate sourceMappingURL pragmas is deprecated. Use //# instead
console.warn: LoginRecipes: "getRecipes: falling back to a synchronous message for:" "https://api-367267e6.duosecurity.com"
1591557453606	mozrunner::runner	INFO	Running command: "C:\\Program Files\\Mozilla Firefox\\firefox.exe" "-marionette" "-foreground" "-no-remote" "-profile" "C:\\Users\\Prashan\\AppData\\Local\\Temp\\rust_mozprofile0odSMl"
JavaScript error: resource://gre/modules/XULStore.jsm, line 66: Error: Can't find profile directory.
1591557456292	Marionette	INFO	Listening on port 52326
1591557456718	Marionette	WARN	TLS certificate errors will be ignored for this session
JavaScript warning: https://api-367267e6.duosecurity.com/frame/static/shared/lib/backbone/backbone-min.js?v=28a93, line 3: Using //@ to indicate sourceMappingURL pragmas is deprecated. Use //# instead
1591557573852	mozrunner::runner	INFO	Running command: "C:\\Program Files\\Mozilla Firefox\\firefox.exe" "-marionette" "-foreground" "-no-remote" "-profile" "C:\\Users\\Prashan\\AppData\\Local\\Temp\\rust_mozprofileS6zeqi"
JavaScript error: resource://gre/modules/XULStore.jsm, line 66: Error: Can't find profile directory.
1591557576365	Marionette	INFO	Listening on port 52498
1591557576465	Marionette	WARN	TLS certificate errors will be ignored for this session
JavaScript warning: https://api-367267e6.duosecurity.com/frame/static/shared/lib/backbone/backbone-min.js?v=28a93, line 3: Using //@ to indicate sourceMappingURL pragmas is deprecated. Use //# instead

###!!! [Child][RunMessage] Error: Channel closing: too late to send/recv, messages will be lost

1591557764543	Marionette	INFO	Stopped listening on port 52498

###!!! [Child][RunMessage] Error: Channel closing: too late to send/recv, messages will be lost


###!!! [Child][MessageChannel::SendAndWait] Error: Channel error: cannot send/recv

1591557804475	mozrunner::runner	INFO	Running command: "C:\\Program Files\\Mozilla Firefox\\firefox.exe" "-marionette" "-foreground" "-no-remote" "-profile" "C:\\Users\\Prashan\\AppData\\Local\\Temp\\rust_mozprofilekGLQZH"
JavaScript error: resource://gre/modules/XULStore.jsm, line 66: Error: Can't find profile directory.
1591557807656	Marionette	INFO	Listening on port 52868
1591557808089	Marionette	WARN	TLS certificate errors will be ignored for this session
JavaScript warning: https://api-367267e6.duosecurity.com/frame/static/shared/lib/backbone/backbone-min.js?v=28a93, line 3: Using //@ to indicate sourceMappingURL pragmas is deprecated. Use //# instead
1591558084690	mozrunner::runner	INFO	Running command: "C:\\Program Files\\Mozilla Firefox\\firefox.exe" "-marionette" "-foreground" "-no-remote" "-profile" "C:\\Users\\Prashan\\AppData\\Local\\Temp\\rust_mozprofileV9mOlv"
JavaScript error: resource://gre/modules/XULStore.jsm, line 66: Error: Can't find profile directory.
1591558087240	Marionette	INFO	Listening on port 53274
1591558087312	Marionette	WARN	TLS certificate errors will be ignored for this session
JavaScript warning: https://api-367267e6.duosecurity.com/frame/static/shared/lib/backbone/backbone-min.js?v=28a93, line 3: Using //@ to indicate sourceMappingURL pragmas is deprecated. Use //# instead
1591558237185	mozrunner::runner	INFO	Running command: "C:\\Program Files\\Mozilla Firefox\\firefox.exe" "-marionette" "-foreground" "-no-remote" "-profile" "C:\\Users\\Prashan\\AppData\\Local\\Temp\\rust_mozprofileN8GxTQ"
JavaScript error: resource://gre/modules/XULStore.jsm, line 66: Error: Can't find profile directory.
1591558239987	Marionette	INFO	Listening on port 53570
1591558240302	Marionette	WARN	TLS certificate errors will be ignored for this session
JavaScript warning: https://api-367267e6.duosecurity.com/frame/static/shared/lib/backbone/backbone-min.js?v=28a93, line 3: Using //@ to indicate sourceMappingURL pragmas is deprecated. Use //# instead
1591558401966	mozrunner::runner	INFO	Running command: "C:\\Program Files\\Mozilla Firefox\\firefox.exe" "-marionette" "-foreground" "-no-remote" "-profile" "C:\\Users\\Prashan\\AppData\\Local\\Temp\\rust_mozprofilelJ72Pc"
JavaScript error: resource://gre/modules/XULStore.jsm, line 66: Error: Can't find profile directory.
1591558404622	Marionette	INFO	Listening on port 53917
1591558405079	Marionette	WARN	TLS certificate errors will be ignored for this session
JavaScript warning: https://api-367267e6.duosecurity.com/frame/static/shared/lib/backbone/backbone-min.js?v=28a93, line 3: Using //@ to indicate sourceMappingURL pragmas is deprecated. Use //# instead
1591558835000	mozrunner::runner	INFO	Running command: "C:\\Program Files\\Mozilla Firefox\\firefox.exe" "-marionette" "-foreground" "-no-remote" "-profile" "C:\\Users\\Prashan\\AppData\\Local\\Temp\\rust_mozprofileMjqkea"
JavaScript error: resource://gre/modules/XULStore.jsm, line 66: Error: Can't find profile directory.
1591558837650	Marionette	INFO	Listening on port 54431
1591558838114	Marionette	WARN	TLS certificate errors will be ignored for this session
JavaScript warning: https://api-367267e6.duosecurity.com/frame/static/shared/lib/backbone/backbone-min.js?v=28a93, line 3: Using //@ to indicate sourceMappingURL pragmas is deprecated. Use //# instead
1591559341661	mozrunner::runner	INFO	Running command: "C:\\Program Files\\Mozilla Firefox\\firefox.exe" "-marionette" "-foreground" "-no-remote" "-profile" "C:\\Users\\Prashan\\AppData\\Local\\Temp\\rust_mozprofilelZFLmX"
JavaScript error: resource://gre/modules/XULStore.jsm, line 66: Error: Can't find profile directory.
1591559344514	Marionette	INFO	Listening on port 56622
1591559344775	Marionette	WARN	TLS certificate errors will be ignored for this session
JavaScript warning: https://api-367267e6.duosecurity.com/frame/static/shared/lib/backbone/backbone-min.js?v=28a93, line 3: Using //@ to indicate sourceMappingURL pragmas is deprecated. Use //# instead
1591559540384	mozrunner::runner	INFO	Running command: "C:\\Program Files\\Mozilla Firefox\\firefox.exe" "-marionette" "-foreground" "-no-remote" "-profile" "C:\\Users\\Prashan\\AppData\\Local\\Temp\\rust_mozprofile3yI0bx"
JavaScript error: resource://gre/modules/XULStore.jsm, line 66: Error: Can't find profile directory.
1591559543555	Marionette	INFO	Listening on port 56965
1591559544006	Marionette	WARN	TLS certificate errors will be ignored for this session
JavaScript warning: https://api-367267e6.duosecurity.com/frame/static/shared/lib/backbone/backbone-min.js?v=28a93, line 3: Using //@ to indicate sourceMappingURL pragmas is deprecated. Use //# instead
1591559657011	mozrunner::runner	INFO	Running command: "C:\\Program Files\\Mozilla Firefox\\firefox.exe" "-marionette" "-foreground" "-no-remote" "-profile" "C:\\Users\\Prashan\\AppData\\Local\\Temp\\rust_mozprofileQYsNdA"
JavaScript error: resource://gre/modules/XULStore.jsm, line 66: Error: Can't find profile directory.
1591559668220	mozrunner::runner	INFO	Running command: "C:\\Program Files\\Mozilla Firefox\\firefox.exe" "-marionette" "-foreground" "-no-remote" "-profile" "C:\\Users\\Prashan\\AppData\\Local\\Temp\\rust_mozprofileBkJkAU"
JavaScript error: resource://gre/modules/XULStore.jsm, line 66: Error: Can't find profile directory.
1591559670879	Marionette	INFO	Listening on port 57272
1591559671332	Marionette	WARN	TLS certificate errors will be ignored for this session
JavaScript warning: https://api-367267e6.duosecurity.com/frame/static/shared/lib/backbone/backbone-min.js?v=28a93, line 3: Using //@ to indicate sourceMappingURL pragmas is deprecated. Use //# instead
1591559741086	mozrunner::runner	INFO	Running command: "C:\\Program Files\\Mozilla Firefox\\firefox.exe" "-marionette" "-foreground" "-no-remote" "-profile" "C:\\Users\\Prashan\\AppData\\Local\\Temp\\rust_mozprofile810Ivz"
JavaScript error: resource://gre/modules/XULStore.jsm, line 66: Error: Can't find profile directory.
1591559743986	Marionette	INFO	Listening on port 57509
1591559744200	Marionette	WARN	TLS certificate errors will be ignored for this session
JavaScript warning: https://api-367267e6.duosecurity.com/frame/static/shared/lib/backbone/backbone-min.js?v=28a93, line 3: Using //@ to indicate sourceMappingURL pragmas is deprecated. Use //# instead
1591559886024	mozrunner::runner	INFO	Running command: "C:\\Program Files\\Mozilla Firefox\\firefox.exe" "-marionette" "-foreground" "-no-remote" "-profile" "C:\\Users\\Prashan\\AppData\\Local\\Temp\\rust_mozprofileo418JJ"
JavaScript error: resource://gre/modules/XULStore.jsm, line 66: Error: Can't find profile directory.
1591559888586	Marionette	INFO	Listening on port 57696
1591559888639	Marionette	WARN	TLS certificate errors will be ignored for this session
JavaScript warning: https://api-367267e6.duosecurity.com/frame/static/shared/lib/backbone/backbone-min.js?v=28a93, line 3: Using //@ to indicate sourceMappingURL pragmas is deprecated. Use //# instead
1591560338732	mozrunner::runner	INFO	Running command: "C:\\Program Files\\Mozilla Firefox\\firefox.exe" "-marionette" "-foreground" "-no-remote" "-profile" "C:\\Users\\Prashan\\AppData\\Local\\Temp\\rust_mozprofiles9e5ZI"
JavaScript error: resource://gre/modules/XULStore.jsm, line 66: Error: Can't find profile directory.
1591560341426	Marionette	INFO	Listening on port 58199
1591560341846	Marionette	WARN	TLS certificate errors will be ignored for this session
JavaScript warning: https://api-367267e6.duosecurity.com/frame/static/shared/lib/backbone/backbone-min.js?v=28a93, line 3: Using //@ to indicate sourceMappingURL pragmas is deprecated. Use //# instead
1591560544629	mozrunner::runner	INFO	Running command: "C:\\Program Files\\Mozilla Firefox\\firefox.exe" "-marionette" "-foreground" "-no-remote" "-profile" "C:\\Users\\Prashan\\AppData\\Local\\Temp\\rust_mozprofileX5xVjo"
JavaScript error: resource://gre/modules/XULStore.jsm, line 66: Error: Can't find profile directory.
1591560547345	Marionette	INFO	Listening on port 58544
1591560547747	Marionette	WARN	TLS certificate errors will be ignored for this session
JavaScript warning: https://api-367267e6.duosecurity.com/frame/static/shared/lib/backbone/backbone-min.js?v=28a93, line 3: Using //@ to indicate sourceMappingURL pragmas is deprecated. Use //# instead
1591560681947	mozrunner::runner	INFO	Running command: "C:\\Program Files\\Mozilla Firefox\\firefox.exe" "-marionette" "-foreground" "-no-remote" "-profile" "C:\\Users\\Prashan\\AppData\\Local\\Temp\\rust_mozprofileSlqFAt"
JavaScript error: resource://gre/modules/XULStore.jsm, line 66: Error: Can't find profile directory.
1591560684745	Marionette	INFO	Listening on port 58828
1591560685060	Marionette	WARN	TLS certificate errors will be ignored for this session
JavaScript warning: https://api-367267e6.duosecurity.com/frame/static/shared/lib/backbone/backbone-min.js?v=28a93, line 3: Using //@ to indicate sourceMappingURL pragmas is deprecated. Use //# instead
1591560859786	mozrunner::runner	INFO	Running command: "C:\\Program Files\\Mozilla Firefox\\firefox.exe" "-marionette" "-foreground" "-no-remote" "-profile" "C:\\Users\\Prashan\\AppData\\Local\\Temp\\rust_mozprofileC8yrsA"
JavaScript error: resource://gre/modules/XULStore.jsm, line 66: Error: Can't find profile directory.
1591560862447	Marionette	INFO	Listening on port 59139
1591560862897	Marionette	WARN	TLS certificate errors will be ignored for this session
JavaScript warning: https://api-367267e6.duosecurity.com/frame/static/shared/lib/backbone/backbone-min.js?v=28a93, line 3: Using //@ to indicate sourceMappingURL pragmas is deprecated. Use //# instead
